#
# There is insufficient memory for the Java Runtime Environment to continue.
# Native memory allocation (malloc) failed to allocate 2608496 bytes. Error detail: Chunk::new
# Possible reasons:
#   The system is out of physical RAM or swap space
#   This process is running with CompressedOops enabled, and the Java Heap may be blocking the growth of the native heap
# Possible solutions:
#   Reduce memory load on the system
#   Increase physical memory or swap space
#   Check if swap backing store is full
#   Decrease Java heap size (-Xmx/-Xms)
#   Decrease number of Java threads
#   Decrease Java thread stack sizes (-Xss)
#   Set larger code cache with -XX:ReservedCodeCacheSize=
#   JVM is running with Zero Based Compressed Oops mode in which the Java heap is
#     placed in the first 32GB address space. The Java Heap base address is the
#     maximum limit for the native heap growth. Please use -XX:HeapBaseMinAddress
#     to set the Java Heap base and to place the Java Heap above 32GB virtual address.
# This output file may be truncated or incomplete.
#
#  Out of Memory Error (arena.cpp:168), pid=13560, tid=13652
#
# JRE version: OpenJDK Runtime Environment Microsoft-9388422 (21.0.3+9) (build 21.0.3+9-LTS)
# Java VM: OpenJDK 64-Bit Server VM Microsoft-9388422 (21.0.3+9-LTS, mixed mode, sharing, tiered, compressed oops, compressed class ptrs, g1 gc, windows-amd64)
# No core dump will be written. Minidumps are not enabled by default on client versions of Windows
#

---------------  S U M M A R Y ------------

Command Line: -Dfile.encoding=UTF-8 -Dstdout.encoding=UTF-8 -Dstderr.encoding=UTF-8 -XX:+ShowCodeDetailsInExceptionMessages Main

Host: AMD Ryzen 7 5700G with Radeon Graphics         , 16 cores, 31G,  Windows 10 , 64 bit Build 19041 (10.0.19041.5915)
Time: Sat Dec  6 09:17:38 2025 RTZ 6 (s 10 , 64 bit Build 19041 (10.0.19041.5915) elapsed time: 3528.218536 seconds (0d 0h 58m 48s)

---------------  T H R E A D  ---------------

Current thread (0x000001f14602e470):  JavaThread "C2 CompilerThread0" daemon [_thread_in_native, id=13652, stack(0x0000007998100000,0x0000007998200000) (1024K)]


Current CompileTask:
C2:3528218 3699   !   4       Form1::Rasclad (674 bytes)

Stack: [0x0000007998100000,0x0000007998200000]
Native frames: (J=compiled Java code, j=interpreted, Vv=VM code, C=native code)
V  [jvm.dll+0x6d8019]
V  [jvm.dll+0x8b3993]
V  [jvm.dll+0x8b5cee]
V  [jvm.dll+0x8b63d3]
V  [jvm.dll+0x285436]
V  [jvm.dll+0xc5fed]
V  [jvm.dll+0xc6523]
V  [jvm.dll+0x3be701]
V  [jvm.dll+0x38aed7]
V  [jvm.dll+0x38a34a]
V  [jvm.dll+0x24d872]
V  [jvm.dll+0x24ce41]
V  [jvm.dll+0x1cbe2a]
V  [jvm.dll+0x25c4b9]
V  [jvm.dll+0x25a8ab]
V  [jvm.dll+0x3f8da6]
V  [jvm.dll+0x85ca28]
V  [jvm.dll+0x6d685d]
C  [ucrtbase.dll+0x21bb2]
C  [KERNEL32.DLL+0x17374]
C  [ntdll.dll+0x4cc91]


---------------  P R O C E S S  ---------------

Threads class SMR info:
_java_thread_list=0x000001f14fb19d80, length=18, elements={
0x000001f146019ab0, 0x000001f14601ade0, 0x000001f14601e050, 0x000001f14601eab0,
0x000001f14601f510, 0x000001f146020180, 0x000001f14602e470, 0x000001f14604f740,
0x000001f1461bc5f0, 0x000001f1461c2e40, 0x000001f1463b4fc0, 0x000001f1463ba170,
0x000001f1463bdac0, 0x000001f1472a9430, 0x000001f1472b3bf0, 0x000001f14ef459d0,
0x000001f14ef46d80, 0x000001f14ef48e50
}

Java Threads: ( => current thread )
  0x000001f146019ab0 JavaThread "Reference Handler"          daemon [_thread_blocked, id=13624, stack(0x0000007997b00000,0x0000007997c00000) (1024K)]
  0x000001f14601ade0 JavaThread "Finalizer"                  daemon [_thread_blocked, id=13628, stack(0x0000007997c00000,0x0000007997d00000) (1024K)]
  0x000001f14601e050 JavaThread "Signal Dispatcher"          daemon [_thread_blocked, id=13644, stack(0x0000007997d00000,0x0000007997e00000) (1024K)]
  0x000001f14601eab0 JavaThread "Attach Listener"            daemon [_thread_blocked, id=13636, stack(0x0000007997e00000,0x0000007997f00000) (1024K)]
  0x000001f14601f510 JavaThread "Service Thread"             daemon [_thread_blocked, id=13640, stack(0x0000007997f00000,0x0000007998000000) (1024K)]
  0x000001f146020180 JavaThread "Monitor Deflation Thread"   daemon [_thread_blocked, id=13648, stack(0x0000007998000000,0x0000007998100000) (1024K)]
=>0x000001f14602e470 JavaThread "C2 CompilerThread0"         daemon [_thread_in_native, id=13652, stack(0x0000007998100000,0x0000007998200000) (1024K)]
  0x000001f14604f740 JavaThread "C1 CompilerThread0"         daemon [_thread_blocked, id=13656, stack(0x0000007998200000,0x0000007998300000) (1024K)]
  0x000001f1461bc5f0 JavaThread "Notification Thread"        daemon [_thread_blocked, id=13676, stack(0x0000007998500000,0x0000007998600000) (1024K)]
  0x000001f1461c2e40 JavaThread "Common-Cleaner"             daemon [_thread_blocked, id=13500, stack(0x0000007998600000,0x0000007998700000) (1024K)]
  0x000001f1463b4fc0 JavaThread "Java2D Disposer"            daemon [_thread_blocked, id=13768, stack(0x0000007998700000,0x0000007998800000) (1024K)]
  0x000001f1463ba170 JavaThread "AWT-Shutdown"                      [_thread_blocked, id=13780, stack(0x0000007998800000,0x0000007998900000) (1024K)]
  0x000001f1463bdac0 JavaThread "AWT-Windows"                daemon [_thread_in_native, id=13788, stack(0x0000007998900000,0x0000007998a00000) (1024K)]
  0x000001f1472a9430 JavaThread "AWT-EventQueue-0"                  [_thread_blocked, id=13688, stack(0x0000007998d00000,0x0000007998e00000) (1024K)]
  0x000001f1472b3bf0 JavaThread "Swing-Shell"                daemon [_thread_blocked, id=13320, stack(0x0000007998e00000,0x0000007998f00000) (1024K)]
  0x000001f14ef459d0 JavaThread "TimerQueue"                 daemon [_thread_blocked, id=13300, stack(0x0000007999300000,0x0000007999400000) (1024K)]
  0x000001f14ef46d80 JavaThread "D3D Screen Updater"         daemon [_thread_blocked, id=13308, stack(0x0000007999400000,0x0000007999500000) (1024K)]
  0x000001f14ef48e50 JavaThread "DestroyJavaVM"                     [_thread_blocked, id=13588, stack(0x0000007997300000,0x0000007997400000) (1024K)]
Total: 18

Other Threads:
  0x000001f17ff87530 VMThread "VM Thread"                           [id=13616, stack(0x0000007997a00000,0x0000007997b00000) (1024K)]
  0x000001f17ff707c0 WatcherThread "VM Periodic Task Thread"        [id=13612, stack(0x0000007997900000,0x0000007997a00000) (1024K)]
  0x000001f159d51c40 WorkerThread "GC Thread#0"                     [id=13592, stack(0x0000007997400000,0x0000007997500000) (1024K)]
  0x000001f14f1eac30 WorkerThread "GC Thread#1"                     [id=13464, stack(0x0000007998400000,0x0000007998500000) (1024K)]
  0x000001f14f1eb370 WorkerThread "GC Thread#2"                     [id=13444, stack(0x0000007998c00000,0x0000007998d00000) (1024K)]
  0x000001f14f1eb710 WorkerThread "GC Thread#3"                     [id=13536, stack(0x00000079996a0000,0x00000079997a0000) (1024K)]
  0x000001f14f1eafd0 WorkerThread "GC Thread#4"                     [id=13304, stack(0x00000079997a0000,0x00000079998a0000) (1024K)]
  0x000001f14f1ebab0 WorkerThread "GC Thread#5"                     [id=13972, stack(0x00000079998a0000,0x00000079999a0000) (1024K)]
  0x000001f14f1ec590 WorkerThread "GC Thread#6"                     [id=13980, stack(0x00000079999a0000,0x0000007999aa0000) (1024K)]
  0x000001f14f1ec1f0 WorkerThread "GC Thread#7"                     [id=13940, stack(0x0000007999aa0000,0x0000007999ba0000) (1024K)]
  0x000001f14f1ebe50 WorkerThread "GC Thread#8"                     [id=14044, stack(0x0000007999ba0000,0x0000007999ca0000) (1024K)]
  0x000001f14fcdafe0 WorkerThread "GC Thread#9"                     [id=14048, stack(0x0000007999ca0000,0x0000007999da0000) (1024K)]
  0x000001f14fcd8f40 WorkerThread "GC Thread#10"                    [id=14052, stack(0x0000007999da0000,0x0000007999ea0000) (1024K)]
  0x000001f14fcdc5a0 WorkerThread "GC Thread#11"                    [id=14056, stack(0x0000007999ea0000,0x0000007999fa0000) (1024K)]
  0x000001f159d65380 ConcurrentGCThread "G1 Main Marker"            [id=13600, stack(0x0000007997500000,0x0000007997600000) (1024K)]
  0x000001f159d66590 WorkerThread "G1 Conc#0"                       [id=13604, stack(0x0000007997600000,0x0000007997700000) (1024K)]
  0x000001f17fe314f0 ConcurrentGCThread "G1 Refine#0"               [id=13620, stack(0x0000007997700000,0x0000007997800000) (1024K)]
  0x000001f17fe31f60 ConcurrentGCThread "G1 Service"                [id=13608, stack(0x0000007997800000,0x0000007997900000) (1024K)]
Total: 18

Threads with active compile tasks:
C2 CompilerThread0  3528229 3699   !   4       Form1::Rasclad (674 bytes)
Total: 1

VM state: not at safepoint (normal execution)

VM Mutex/Monitor currently owned by a thread: None

Heap address: 0x0000000602000000, size: 8160 MB, Compressed Oops mode: Zero based, Oop shift amount: 3

CDS archive(s) mapped at: [0x000001f101000000-0x000001f101c90000-0x000001f101c90000), size 13172736, SharedBaseAddress: 0x000001f101000000, ArchiveRelocationMode: 1.
Compressed class space mapped at: 0x000001f102000000-0x000001f142000000, reserved size: 1073741824
Narrow klass base: 0x000001f101000000, Narrow klass shift: 0, Narrow klass range: 0x100000000

GC Precious Log:
 CardTable entry size: 512
 Card Set container configuration: InlinePtr #cards 4 size 8 Array Of Cards #cards 32 size 80 Howl #buckets 8 coarsen threshold 7372 Howl Bitmap #cards 1024 size 144 coarsen threshold 921 Card regions per heap region 1 cards per card region 8192
 CPUs: 16 total, 16 available
 Memory: 32632M
 Large Page Support: Disabled
 NUMA Support: Disabled
 Compressed Oops: Enabled (Zero based)
 Heap Region Size: 4M
 Heap Min Capacity: 8M
 Heap Initial Capacity: 512M
 Heap Max Capacity: 8160M
 Pre-touch: Disabled
 Parallel Workers: 13
 Concurrent Workers: 3
 Concurrent Refinement Workers: 13
 Periodic GC: Disabled

Heap:
 garbage-first heap   total 524288K, used 90471K [0x0000000602000000, 0x0000000800000000)
  region size 4096K, 23 young (94208K), 1 survivors (4096K)
 Metaspace       used 17686K, committed 17920K, reserved 1114112K
  class space    used 1937K, committed 2048K, reserved 1048576K

Heap Regions: E=young(eden), S=young(survivor), O=old, HS=humongous(starts), HC=humongous(continues), CS=collection set, F=free, TAMS=top-at-mark-start, PB=parsable bottom
|   0|0x0000000602000000, 0x0000000602400000, 0x0000000602400000|100%| O|  |TAMS 0x0000000602000000| PB 0x0000000602000000| Untracked 
|   1|0x0000000602400000, 0x00000006024543c0, 0x0000000602800000|  8%| O|  |TAMS 0x0000000602400000| PB 0x0000000602400000| Untracked 
|   2|0x0000000602800000, 0x0000000602800000, 0x0000000602c00000|  0%| F|  |TAMS 0x0000000602800000| PB 0x0000000602800000| Untracked 
|   3|0x0000000602c00000, 0x0000000602c00000, 0x0000000603000000|  0%| F|  |TAMS 0x0000000602c00000| PB 0x0000000602c00000| Untracked 
|   4|0x0000000603000000, 0x0000000603000000, 0x0000000603400000|  0%| F|  |TAMS 0x0000000603000000| PB 0x0000000603000000| Untracked 
|   5|0x0000000603400000, 0x0000000603400000, 0x0000000603800000|  0%| F|  |TAMS 0x0000000603400000| PB 0x0000000603400000| Untracked 
|   6|0x0000000603800000, 0x0000000603800000, 0x0000000603c00000|  0%| F|  |TAMS 0x0000000603800000| PB 0x0000000603800000| Untracked 
|   7|0x0000000603c00000, 0x0000000603c00000, 0x0000000604000000|  0%| F|  |TAMS 0x0000000603c00000| PB 0x0000000603c00000| Untracked 
|   8|0x0000000604000000, 0x0000000604000000, 0x0000000604400000|  0%| F|  |TAMS 0x0000000604000000| PB 0x0000000604000000| Untracked 
|   9|0x0000000604400000, 0x0000000604400000, 0x0000000604800000|  0%| F|  |TAMS 0x0000000604400000| PB 0x0000000604400000| Untracked 
|  10|0x0000000604800000, 0x0000000604800000, 0x0000000604c00000|  0%| F|  |TAMS 0x0000000604800000| PB 0x0000000604800000| Untracked 
|  11|0x0000000604c00000, 0x0000000604c00000, 0x0000000605000000|  0%| F|  |TAMS 0x0000000604c00000| PB 0x0000000604c00000| Untracked 
|  12|0x0000000605000000, 0x0000000605000000, 0x0000000605400000|  0%| F|  |TAMS 0x0000000605000000| PB 0x0000000605000000| Untracked 
|  13|0x0000000605400000, 0x0000000605400000, 0x0000000605800000|  0%| F|  |TAMS 0x0000000605400000| PB 0x0000000605400000| Untracked 
|  14|0x0000000605800000, 0x0000000605800000, 0x0000000605c00000|  0%| F|  |TAMS 0x0000000605800000| PB 0x0000000605800000| Untracked 
|  15|0x0000000605c00000, 0x0000000605c00000, 0x0000000606000000|  0%| F|  |TAMS 0x0000000605c00000| PB 0x0000000605c00000| Untracked 
|  16|0x0000000606000000, 0x0000000606000000, 0x0000000606400000|  0%| F|  |TAMS 0x0000000606000000| PB 0x0000000606000000| Untracked 
|  17|0x0000000606400000, 0x0000000606400000, 0x0000000606800000|  0%| F|  |TAMS 0x0000000606400000| PB 0x0000000606400000| Untracked 
|  18|0x0000000606800000, 0x0000000606800000, 0x0000000606c00000|  0%| F|  |TAMS 0x0000000606800000| PB 0x0000000606800000| Untracked 
|  19|0x0000000606c00000, 0x0000000606c00000, 0x0000000607000000|  0%| F|  |TAMS 0x0000000606c00000| PB 0x0000000606c00000| Untracked 
|  20|0x0000000607000000, 0x0000000607000000, 0x0000000607400000|  0%| F|  |TAMS 0x0000000607000000| PB 0x0000000607000000| Untracked 
|  21|0x0000000607400000, 0x0000000607400000, 0x0000000607800000|  0%| F|  |TAMS 0x0000000607400000| PB 0x0000000607400000| Untracked 
|  22|0x0000000607800000, 0x0000000607800000, 0x0000000607c00000|  0%| F|  |TAMS 0x0000000607800000| PB 0x0000000607800000| Untracked 
|  23|0x0000000607c00000, 0x0000000607c00000, 0x0000000608000000|  0%| F|  |TAMS 0x0000000607c00000| PB 0x0000000607c00000| Untracked 
|  24|0x0000000608000000, 0x0000000608000000, 0x0000000608400000|  0%| F|  |TAMS 0x0000000608000000| PB 0x0000000608000000| Untracked 
|  25|0x0000000608400000, 0x0000000608400000, 0x0000000608800000|  0%| F|  |TAMS 0x0000000608400000| PB 0x0000000608400000| Untracked 
|  26|0x0000000608800000, 0x0000000608800000, 0x0000000608c00000|  0%| F|  |TAMS 0x0000000608800000| PB 0x0000000608800000| Untracked 
|  27|0x0000000608c00000, 0x0000000608c00000, 0x0000000609000000|  0%| F|  |TAMS 0x0000000608c00000| PB 0x0000000608c00000| Untracked 
|  28|0x0000000609000000, 0x0000000609000000, 0x0000000609400000|  0%| F|  |TAMS 0x0000000609000000| PB 0x0000000609000000| Untracked 
|  29|0x0000000609400000, 0x0000000609400000, 0x0000000609800000|  0%| F|  |TAMS 0x0000000609400000| PB 0x0000000609400000| Untracked 
|  30|0x0000000609800000, 0x0000000609800000, 0x0000000609c00000|  0%| F|  |TAMS 0x0000000609800000| PB 0x0000000609800000| Untracked 
|  31|0x0000000609c00000, 0x0000000609c00000, 0x000000060a000000|  0%| F|  |TAMS 0x0000000609c00000| PB 0x0000000609c00000| Untracked 
|  32|0x000000060a000000, 0x000000060a000000, 0x000000060a400000|  0%| F|  |TAMS 0x000000060a000000| PB 0x000000060a000000| Untracked 
|  33|0x000000060a400000, 0x000000060a400000, 0x000000060a800000|  0%| F|  |TAMS 0x000000060a400000| PB 0x000000060a400000| Untracked 
|  34|0x000000060a800000, 0x000000060a800000, 0x000000060ac00000|  0%| F|  |TAMS 0x000000060a800000| PB 0x000000060a800000| Untracked 
|  35|0x000000060ac00000, 0x000000060ac00000, 0x000000060b000000|  0%| F|  |TAMS 0x000000060ac00000| PB 0x000000060ac00000| Untracked 
|  36|0x000000060b000000, 0x000000060b000000, 0x000000060b400000|  0%| F|  |TAMS 0x000000060b000000| PB 0x000000060b000000| Untracked 
|  37|0x000000060b400000, 0x000000060b400000, 0x000000060b800000|  0%| F|  |TAMS 0x000000060b400000| PB 0x000000060b400000| Untracked 
|  38|0x000000060b800000, 0x000000060b800000, 0x000000060bc00000|  0%| F|  |TAMS 0x000000060b800000| PB 0x000000060b800000| Untracked 
|  39|0x000000060bc00000, 0x000000060bc00000, 0x000000060c000000|  0%| F|  |TAMS 0x000000060bc00000| PB 0x000000060bc00000| Untracked 
|  40|0x000000060c000000, 0x000000060c000000, 0x000000060c400000|  0%| F|  |TAMS 0x000000060c000000| PB 0x000000060c000000| Untracked 
|  41|0x000000060c400000, 0x000000060c400000, 0x000000060c800000|  0%| F|  |TAMS 0x000000060c400000| PB 0x000000060c400000| Untracked 
|  42|0x000000060c800000, 0x000000060c800000, 0x000000060cc00000|  0%| F|  |TAMS 0x000000060c800000| PB 0x000000060c800000| Untracked 
|  43|0x000000060cc00000, 0x000000060cc00000, 0x000000060d000000|  0%| F|  |TAMS 0x000000060cc00000| PB 0x000000060cc00000| Untracked 
|  44|0x000000060d000000, 0x000000060d000000, 0x000000060d400000|  0%| F|  |TAMS 0x000000060d000000| PB 0x000000060d000000| Untracked 
|  45|0x000000060d400000, 0x000000060d400000, 0x000000060d800000|  0%| F|  |TAMS 0x000000060d400000| PB 0x000000060d400000| Untracked 
|  46|0x000000060d800000, 0x000000060d800000, 0x000000060dc00000|  0%| F|  |TAMS 0x000000060d800000| PB 0x000000060d800000| Untracked 
|  47|0x000000060dc00000, 0x000000060dc00000, 0x000000060e000000|  0%| F|  |TAMS 0x000000060dc00000| PB 0x000000060dc00000| Untracked 
|  48|0x000000060e000000, 0x000000060e000000, 0x000000060e400000|  0%| F|  |TAMS 0x000000060e000000| PB 0x000000060e000000| Untracked 
|  49|0x000000060e400000, 0x000000060e400000, 0x000000060e800000|  0%| F|  |TAMS 0x000000060e400000| PB 0x000000060e400000| Untracked 
|  50|0x000000060e800000, 0x000000060e800000, 0x000000060ec00000|  0%| F|  |TAMS 0x000000060e800000| PB 0x000000060e800000| Untracked 
|  51|0x000000060ec00000, 0x000000060ec058b0, 0x000000060f000000|  0%| S|CS|TAMS 0x000000060ec00000| PB 0x000000060ec00000| Complete 
|  52|0x000000060f000000, 0x000000060f000000, 0x000000060f400000|  0%| F|  |TAMS 0x000000060f000000| PB 0x000000060f000000| Untracked 
|  53|0x000000060f400000, 0x000000060f400000, 0x000000060f800000|  0%| F|  |TAMS 0x000000060f400000| PB 0x000000060f400000| Untracked 
|  54|0x000000060f800000, 0x000000060f800000, 0x000000060fc00000|  0%| F|  |TAMS 0x000000060f800000| PB 0x000000060f800000| Untracked 
|  55|0x000000060fc00000, 0x000000060fc00000, 0x0000000610000000|  0%| F|  |TAMS 0x000000060fc00000| PB 0x000000060fc00000| Untracked 
|  56|0x0000000610000000, 0x0000000610000000, 0x0000000610400000|  0%| F|  |TAMS 0x0000000610000000| PB 0x0000000610000000| Untracked 
|  57|0x0000000610400000, 0x0000000610400000, 0x0000000610800000|  0%| F|  |TAMS 0x0000000610400000| PB 0x0000000610400000| Untracked 
|  58|0x0000000610800000, 0x0000000610800000, 0x0000000610c00000|  0%| F|  |TAMS 0x0000000610800000| PB 0x0000000610800000| Untracked 
|  59|0x0000000610c00000, 0x0000000610c00000, 0x0000000611000000|  0%| F|  |TAMS 0x0000000610c00000| PB 0x0000000610c00000| Untracked 
|  60|0x0000000611000000, 0x0000000611000000, 0x0000000611400000|  0%| F|  |TAMS 0x0000000611000000| PB 0x0000000611000000| Untracked 
|  61|0x0000000611400000, 0x0000000611400000, 0x0000000611800000|  0%| F|  |TAMS 0x0000000611400000| PB 0x0000000611400000| Untracked 
|  62|0x0000000611800000, 0x0000000611800000, 0x0000000611c00000|  0%| F|  |TAMS 0x0000000611800000| PB 0x0000000611800000| Untracked 
|  63|0x0000000611c00000, 0x0000000611c00000, 0x0000000612000000|  0%| F|  |TAMS 0x0000000611c00000| PB 0x0000000611c00000| Untracked 
|  64|0x0000000612000000, 0x0000000612000000, 0x0000000612400000|  0%| F|  |TAMS 0x0000000612000000| PB 0x0000000612000000| Untracked 
|  65|0x0000000612400000, 0x0000000612400000, 0x0000000612800000|  0%| F|  |TAMS 0x0000000612400000| PB 0x0000000612400000| Untracked 
|  66|0x0000000612800000, 0x0000000612800000, 0x0000000612c00000|  0%| F|  |TAMS 0x0000000612800000| PB 0x0000000612800000| Untracked 
|  67|0x0000000612c00000, 0x0000000612c00000, 0x0000000613000000|  0%| F|  |TAMS 0x0000000612c00000| PB 0x0000000612c00000| Untracked 
|  68|0x0000000613000000, 0x0000000613000000, 0x0000000613400000|  0%| F|  |TAMS 0x0000000613000000| PB 0x0000000613000000| Untracked 
|  69|0x0000000613400000, 0x0000000613400000, 0x0000000613800000|  0%| F|  |TAMS 0x0000000613400000| PB 0x0000000613400000| Untracked 
|  70|0x0000000613800000, 0x0000000613800000, 0x0000000613c00000|  0%| F|  |TAMS 0x0000000613800000| PB 0x0000000613800000| Untracked 
|  71|0x0000000613c00000, 0x0000000613c00000, 0x0000000614000000|  0%| F|  |TAMS 0x0000000613c00000| PB 0x0000000613c00000| Untracked 
|  72|0x0000000614000000, 0x0000000614000000, 0x0000000614400000|  0%| F|  |TAMS 0x0000000614000000| PB 0x0000000614000000| Untracked 
|  73|0x0000000614400000, 0x0000000614400000, 0x0000000614800000|  0%| F|  |TAMS 0x0000000614400000| PB 0x0000000614400000| Untracked 
|  74|0x0000000614800000, 0x0000000614800000, 0x0000000614c00000|  0%| F|  |TAMS 0x0000000614800000| PB 0x0000000614800000| Untracked 
|  75|0x0000000614c00000, 0x0000000614c00000, 0x0000000615000000|  0%| F|  |TAMS 0x0000000614c00000| PB 0x0000000614c00000| Untracked 
|  76|0x0000000615000000, 0x0000000615000000, 0x0000000615400000|  0%| F|  |TAMS 0x0000000615000000| PB 0x0000000615000000| Untracked 
|  77|0x0000000615400000, 0x0000000615400000, 0x0000000615800000|  0%| F|  |TAMS 0x0000000615400000| PB 0x0000000615400000| Untracked 
|  78|0x0000000615800000, 0x0000000615800000, 0x0000000615c00000|  0%| F|  |TAMS 0x0000000615800000| PB 0x0000000615800000| Untracked 
|  79|0x0000000615c00000, 0x0000000615c00000, 0x0000000616000000|  0%| F|  |TAMS 0x0000000615c00000| PB 0x0000000615c00000| Untracked 
|  80|0x0000000616000000, 0x0000000616000000, 0x0000000616400000|  0%| F|  |TAMS 0x0000000616000000| PB 0x0000000616000000| Untracked 
|  81|0x0000000616400000, 0x0000000616400000, 0x0000000616800000|  0%| F|  |TAMS 0x0000000616400000| PB 0x0000000616400000| Untracked 
|  82|0x0000000616800000, 0x0000000616800000, 0x0000000616c00000|  0%| F|  |TAMS 0x0000000616800000| PB 0x0000000616800000| Untracked 
|  83|0x0000000616c00000, 0x0000000616c00000, 0x0000000617000000|  0%| F|  |TAMS 0x0000000616c00000| PB 0x0000000616c00000| Untracked 
|  84|0x0000000617000000, 0x0000000617000000, 0x0000000617400000|  0%| F|  |TAMS 0x0000000617000000| PB 0x0000000617000000| Untracked 
|  85|0x0000000617400000, 0x0000000617400000, 0x0000000617800000|  0%| F|  |TAMS 0x0000000617400000| PB 0x0000000617400000| Untracked 
|  86|0x0000000617800000, 0x0000000617800000, 0x0000000617c00000|  0%| F|  |TAMS 0x0000000617800000| PB 0x0000000617800000| Untracked 
|  87|0x0000000617c00000, 0x0000000617c00000, 0x0000000618000000|  0%| F|  |TAMS 0x0000000617c00000| PB 0x0000000617c00000| Untracked 
|  88|0x0000000618000000, 0x0000000618000000, 0x0000000618400000|  0%| F|  |TAMS 0x0000000618000000| PB 0x0000000618000000| Untracked 
|  89|0x0000000618400000, 0x0000000618400000, 0x0000000618800000|  0%| F|  |TAMS 0x0000000618400000| PB 0x0000000618400000| Untracked 
|  90|0x0000000618800000, 0x0000000618800000, 0x0000000618c00000|  0%| F|  |TAMS 0x0000000618800000| PB 0x0000000618800000| Untracked 
|  91|0x0000000618c00000, 0x0000000618c00000, 0x0000000619000000|  0%| F|  |TAMS 0x0000000618c00000| PB 0x0000000618c00000| Untracked 
|  92|0x0000000619000000, 0x0000000619000000, 0x0000000619400000|  0%| F|  |TAMS 0x0000000619000000| PB 0x0000000619000000| Untracked 
|  93|0x0000000619400000, 0x0000000619400000, 0x0000000619800000|  0%| F|  |TAMS 0x0000000619400000| PB 0x0000000619400000| Untracked 
|  94|0x0000000619800000, 0x0000000619800000, 0x0000000619c00000|  0%| F|  |TAMS 0x0000000619800000| PB 0x0000000619800000| Untracked 
|  95|0x0000000619c00000, 0x0000000619c00000, 0x000000061a000000|  0%| F|  |TAMS 0x0000000619c00000| PB 0x0000000619c00000| Untracked 
|  96|0x000000061a000000, 0x000000061a000000, 0x000000061a400000|  0%| F|  |TAMS 0x000000061a000000| PB 0x000000061a000000| Untracked 
|  97|0x000000061a400000, 0x000000061a400000, 0x000000061a800000|  0%| F|  |TAMS 0x000000061a400000| PB 0x000000061a400000| Untracked 
|  98|0x000000061a800000, 0x000000061a800000, 0x000000061ac00000|  0%| F|  |TAMS 0x000000061a800000| PB 0x000000061a800000| Untracked 
|  99|0x000000061ac00000, 0x000000061ac00000, 0x000000061b000000|  0%| F|  |TAMS 0x000000061ac00000| PB 0x000000061ac00000| Untracked 
| 100|0x000000061b000000, 0x000000061b000000, 0x000000061b400000|  0%| F|  |TAMS 0x000000061b000000| PB 0x000000061b000000| Untracked 
| 101|0x000000061b400000, 0x000000061b400000, 0x000000061b800000|  0%| F|  |TAMS 0x000000061b400000| PB 0x000000061b400000| Untracked 
| 102|0x000000061b800000, 0x000000061b800000, 0x000000061bc00000|  0%| F|  |TAMS 0x000000061b800000| PB 0x000000061b800000| Untracked 
| 103|0x000000061bc00000, 0x000000061bc00000, 0x000000061c000000|  0%| F|  |TAMS 0x000000061bc00000| PB 0x000000061bc00000| Untracked 
| 104|0x000000061c000000, 0x000000061c000000, 0x000000061c400000|  0%| F|  |TAMS 0x000000061c000000| PB 0x000000061c000000| Untracked 
| 105|0x000000061c400000, 0x000000061c400000, 0x000000061c800000|  0%| F|  |TAMS 0x000000061c400000| PB 0x000000061c400000| Untracked 
| 106|0x000000061c800000, 0x000000061c800800, 0x000000061cc00000|  0%| E|  |TAMS 0x000000061c800000| PB 0x000000061c800000| Complete 
| 107|0x000000061cc00000, 0x000000061d000000, 0x000000061d000000|100%| E|CS|TAMS 0x000000061cc00000| PB 0x000000061cc00000| Complete 
| 108|0x000000061d000000, 0x000000061d400000, 0x000000061d400000|100%| E|CS|TAMS 0x000000061d000000| PB 0x000000061d000000| Complete 
| 109|0x000000061d400000, 0x000000061d800000, 0x000000061d800000|100%| E|CS|TAMS 0x000000061d400000| PB 0x000000061d400000| Complete 
| 110|0x000000061d800000, 0x000000061dc00000, 0x000000061dc00000|100%| E|CS|TAMS 0x000000061d800000| PB 0x000000061d800000| Complete 
| 111|0x000000061dc00000, 0x000000061e000000, 0x000000061e000000|100%| E|CS|TAMS 0x000000061dc00000| PB 0x000000061dc00000| Complete 
| 112|0x000000061e000000, 0x000000061e400000, 0x000000061e400000|100%| E|CS|TAMS 0x000000061e000000| PB 0x000000061e000000| Complete 
| 113|0x000000061e400000, 0x000000061e800000, 0x000000061e800000|100%| E|CS|TAMS 0x000000061e400000| PB 0x000000061e400000| Complete 
| 114|0x000000061e800000, 0x000000061ec00000, 0x000000061ec00000|100%| E|CS|TAMS 0x000000061e800000| PB 0x000000061e800000| Complete 
| 115|0x000000061ec00000, 0x000000061f000000, 0x000000061f000000|100%| E|CS|TAMS 0x000000061ec00000| PB 0x000000061ec00000| Complete 
| 116|0x000000061f000000, 0x000000061f400000, 0x000000061f400000|100%| E|CS|TAMS 0x000000061f000000| PB 0x000000061f000000| Complete 
| 117|0x000000061f400000, 0x000000061f800000, 0x000000061f800000|100%| E|CS|TAMS 0x000000061f400000| PB 0x000000061f400000| Complete 
| 118|0x000000061f800000, 0x000000061fc00000, 0x000000061fc00000|100%| E|CS|TAMS 0x000000061f800000| PB 0x000000061f800000| Complete 
| 119|0x000000061fc00000, 0x0000000620000000, 0x0000000620000000|100%| E|CS|TAMS 0x000000061fc00000| PB 0x000000061fc00000| Complete 
| 120|0x0000000620000000, 0x0000000620400000, 0x0000000620400000|100%| E|CS|TAMS 0x0000000620000000| PB 0x0000000620000000| Complete 
| 121|0x0000000620400000, 0x0000000620800000, 0x0000000620800000|100%| E|CS|TAMS 0x0000000620400000| PB 0x0000000620400000| Complete 
| 122|0x0000000620800000, 0x0000000620c00000, 0x0000000620c00000|100%| E|CS|TAMS 0x0000000620800000| PB 0x0000000620800000| Complete 
| 123|0x0000000620c00000, 0x0000000621000000, 0x0000000621000000|100%| E|CS|TAMS 0x0000000620c00000| PB 0x0000000620c00000| Complete 
| 124|0x0000000621000000, 0x0000000621400000, 0x0000000621400000|100%| E|CS|TAMS 0x0000000621000000| PB 0x0000000621000000| Complete 
| 125|0x0000000621400000, 0x0000000621800000, 0x0000000621800000|100%| E|CS|TAMS 0x0000000621400000| PB 0x0000000621400000| Complete 
| 126|0x0000000621800000, 0x0000000621c00000, 0x0000000621c00000|100%| E|CS|TAMS 0x0000000621800000| PB 0x0000000621800000| Complete 
| 127|0x0000000621c00000, 0x0000000622000000, 0x0000000622000000|100%| E|CS|TAMS 0x0000000621c00000| PB 0x0000000621c00000| Complete 

Card table byte_map: [0x000001f174b30000,0x000001f175b20000] _byte_map_base: 0x000001f171b20000

Marking Bits: (CMBitMap*) 0x000001f159d52240
 Bits: [0x000001f175b20000, 0x000001f17daa0000)

Polling page: 0x000001f159d80000

Metaspace:

Usage:
  Non-class:     15.38 MB used.
      Class:      1.89 MB used.
       Both:     17.27 MB used.

Virtual space:
  Non-class space:       64.00 MB reserved,      15.50 MB ( 24%) committed,  1 nodes.
      Class space:        1.00 GB reserved,       2.00 MB ( <1%) committed,  1 nodes.
             Both:        1.06 GB reserved,      17.50 MB (  2%) committed. 

Chunk freelists:
   Non-Class:  291.00 KB
       Class:  14.02 MB
        Both:  14.30 MB

MaxMetaspaceSize: unlimited
CompressedClassSpaceSize: 1.00 GB
Initial GC threshold: 21.00 MB
Current GC threshold: 21.00 MB
CDS: on
 - commit_granule_bytes: 65536.
 - commit_granule_words: 8192.
 - virtual_space_node_default_size: 8388608.
 - enlarge_chunks_in_place: 1.
 - use_allocation_guard: 0.


Internal statistics:

num_allocs_failed_limit: 0.
num_arena_births: 232.
num_arena_deaths: 0.
num_vsnodes_births: 2.
num_vsnodes_deaths: 0.
num_space_committed: 280.
num_space_uncommitted: 0.
num_chunks_returned_to_freelist: 0.
num_chunks_taken_from_freelist: 371.
num_chunk_merges: 0.
num_chunk_splits: 196.
num_chunks_enlarged: 59.
num_inconsistent_stats: 0.

CodeHeap 'non-profiled nmethods': size=119168Kb used=2315Kb max_used=2315Kb free=116852Kb
 bounds [0x000001f16b710000, 0x000001f16b980000, 0x000001f172b70000]
CodeHeap 'profiled nmethods': size=119104Kb used=7317Kb max_used=7317Kb free=111786Kb
 bounds [0x000001f163b70000, 0x000001f1642a0000, 0x000001f16afc0000]
CodeHeap 'non-nmethods': size=7488Kb used=1684Kb max_used=2834Kb free=5803Kb
 bounds [0x000001f16afc0000, 0x000001f16b290000, 0x000001f16b710000]
 total_blobs=4420 nmethods=3698 adapters=626
 compilation: enabled
              stopped_count=0, restarted_count=0
 full_count=0

Compilation events (20 events):
Event: 3520.177 Thread 0x000001f14604f740 nmethod 3689 0x000001f164288090 code [0x000001f164288260, 0x000001f164288548]
Event: 3520.180 Thread 0x000001f14604f740 3690       3       java.util.Locale::forLanguageTag (74 bytes)
Event: 3520.180 Thread 0x000001f14604f740 nmethod 3690 0x000001f164288690 code [0x000001f1642888e0, 0x000001f164289008]
Event: 3520.180 Thread 0x000001f14604f740 3691       3       sun.util.locale.LanguageTag::parse (205 bytes)
Event: 3520.181 Thread 0x000001f14604f740 nmethod 3691 0x000001f164289290 code [0x000001f164289600, 0x000001f16428a8d8]
Event: 3520.181 Thread 0x000001f14604f740 3692       3       sun.util.locale.ParseStatus::<init> (9 bytes)
Event: 3520.181 Thread 0x000001f14604f740 nmethod 3692 0x000001f16428b010 code [0x000001f16428b1c0, 0x000001f16428b3c8]
Event: 3520.181 Thread 0x000001f14604f740 3693       3       sun.util.locale.ParseStatus::reset (16 bytes)
Event: 3520.181 Thread 0x000001f14604f740 nmethod 3693 0x000001f16428b490 code [0x000001f16428b620, 0x000001f16428b768]
Event: 3520.181 Thread 0x000001f14604f740 3694       3       sun.util.locale.StringTokenIterator::<init> (41 bytes)
Event: 3520.181 Thread 0x000001f14604f740 nmethod 3694 0x000001f16428b810 code [0x000001f16428ba40, 0x000001f16428c270]
Event: 3520.181 Thread 0x000001f14604f740 3695       3       sun.util.locale.StringTokenIterator::setStart (62 bytes)
Event: 3520.181 Thread 0x000001f14604f740 nmethod 3695 0x000001f16428c590 code [0x000001f16428c780, 0x000001f16428cb50]
Event: 3520.182 Thread 0x000001f14604f740 3696       3       sun.util.locale.LanguageTag::parseLanguage (55 bytes)
Event: 3520.182 Thread 0x000001f14604f740 nmethod 3696 0x000001f16428cd10 code [0x000001f16428cf20, 0x000001f16428d578]
Event: 3520.182 Thread 0x000001f14602e470 3697       4       java.lang.invoke.Invokers$Holder::linkToTargetMethod (9 bytes)
Event: 3520.183 Thread 0x000001f14602e470 nmethod 3697 0x000001f16b952990 code [0x000001f16b952b20, 0x000001f16b952c08]
Event: 3520.347 Thread 0x000001f14604f740 3698   !   3       Form1::Rasclad (674 bytes)
Event: 3520.349 Thread 0x000001f14604f740 nmethod 3698 0x000001f16428d790 code [0x000001f16428e140, 0x000001f164293748]
Event: 3527.947 Thread 0x000001f14602e470 3699   !   4       Form1::Rasclad (674 bytes)

GC Heap History (20 events):
Event: 3157.160 GC heap before
{Heap before GC invocations=81 (full 0):
 garbage-first heap   total 524288K, used 311657K [0x0000000602000000, 0x0000000800000000)
  region size 4096K, 76 young (311296K), 1 survivors (4096K)
 Metaspace       used 17661K, committed 17920K, reserved 1114112K
  class space    used 1937K, committed 2048K, reserved 1048576K
}
Event: 3157.161 GC heap after
{Heap after GC invocations=82 (full 0):
 garbage-first heap   total 524288K, used 4455K [0x0000000602000000, 0x0000000800000000)
  region size 4096K, 1 young (4096K), 1 survivors (4096K)
 Metaspace       used 17661K, committed 17920K, reserved 1114112K
  class space    used 1937K, committed 2048K, reserved 1048576K
}
Event: 3197.002 GC heap before
{Heap before GC invocations=82 (full 0):
 garbage-first heap   total 524288K, used 311655K [0x0000000602000000, 0x0000000800000000)
  region size 4096K, 76 young (311296K), 1 survivors (4096K)
 Metaspace       used 17661K, committed 17920K, reserved 1114112K
  class space    used 1937K, committed 2048K, reserved 1048576K
}
Event: 3197.002 GC heap after
{Heap after GC invocations=83 (full 0):
 garbage-first heap   total 524288K, used 4455K [0x0000000602000000, 0x0000000800000000)
  region size 4096K, 1 young (4096K), 1 survivors (4096K)
 Metaspace       used 17661K, committed 17920K, reserved 1114112K
  class space    used 1937K, committed 2048K, reserved 1048576K
}
Event: 3236.568 GC heap before
{Heap before GC invocations=83 (full 0):
 garbage-first heap   total 524288K, used 311655K [0x0000000602000000, 0x0000000800000000)
  region size 4096K, 76 young (311296K), 1 survivors (4096K)
 Metaspace       used 17661K, committed 17920K, reserved 1114112K
  class space    used 1937K, committed 2048K, reserved 1048576K
}
Event: 3236.568 GC heap after
{Heap after GC invocations=84 (full 0):
 garbage-first heap   total 524288K, used 4457K [0x0000000602000000, 0x0000000800000000)
  region size 4096K, 1 young (4096K), 1 survivors (4096K)
 Metaspace       used 17661K, committed 17920K, reserved 1114112K
  class space    used 1937K, committed 2048K, reserved 1048576K
}
Event: 3276.055 GC heap before
{Heap before GC invocations=84 (full 0):
 garbage-first heap   total 524288K, used 311657K [0x0000000602000000, 0x0000000800000000)
  region size 4096K, 76 young (311296K), 1 survivors (4096K)
 Metaspace       used 17661K, committed 17920K, reserved 1114112K
  class space    used 1937K, committed 2048K, reserved 1048576K
}
Event: 3276.056 GC heap after
{Heap after GC invocations=85 (full 0):
 garbage-first heap   total 524288K, used 4455K [0x0000000602000000, 0x0000000800000000)
  region size 4096K, 1 young (4096K), 1 survivors (4096K)
 Metaspace       used 17661K, committed 17920K, reserved 1114112K
  class space    used 1937K, committed 2048K, reserved 1048576K
}
Event: 3315.985 GC heap before
{Heap before GC invocations=85 (full 0):
 garbage-first heap   total 524288K, used 311655K [0x0000000602000000, 0x0000000800000000)
  region size 4096K, 76 young (311296K), 1 survivors (4096K)
 Metaspace       used 17661K, committed 17920K, reserved 1114112K
  class space    used 1937K, committed 2048K, reserved 1048576K
}
Event: 3315.985 GC heap after
{Heap after GC invocations=86 (full 0):
 garbage-first heap   total 524288K, used 4457K [0x0000000602000000, 0x0000000800000000)
  region size 4096K, 1 young (4096K), 1 survivors (4096K)
 Metaspace       used 17661K, committed 17920K, reserved 1114112K
  class space    used 1937K, committed 2048K, reserved 1048576K
}
Event: 3355.655 GC heap before
{Heap before GC invocations=86 (full 0):
 garbage-first heap   total 524288K, used 311657K [0x0000000602000000, 0x0000000800000000)
  region size 4096K, 76 young (311296K), 1 survivors (4096K)
 Metaspace       used 17661K, committed 17920K, reserved 1114112K
  class space    used 1937K, committed 2048K, reserved 1048576K
}
Event: 3355.655 GC heap after
{Heap after GC invocations=87 (full 0):
 garbage-first heap   total 524288K, used 4453K [0x0000000602000000, 0x0000000800000000)
  region size 4096K, 1 young (4096K), 1 survivors (4096K)
 Metaspace       used 17661K, committed 17920K, reserved 1114112K
  class space    used 1937K, committed 2048K, reserved 1048576K
}
Event: 3395.277 GC heap before
{Heap before GC invocations=87 (full 0):
 garbage-first heap   total 524288K, used 311653K [0x0000000602000000, 0x0000000800000000)
  region size 4096K, 76 young (311296K), 1 survivors (4096K)
 Metaspace       used 17661K, committed 17920K, reserved 1114112K
  class space    used 1937K, committed 2048K, reserved 1048576K
}
Event: 3395.277 GC heap after
{Heap after GC invocations=88 (full 0):
 garbage-first heap   total 524288K, used 4458K [0x0000000602000000, 0x0000000800000000)
  region size 4096K, 1 young (4096K), 1 survivors (4096K)
 Metaspace       used 17661K, committed 17920K, reserved 1114112K
  class space    used 1937K, committed 2048K, reserved 1048576K
}
Event: 3434.935 GC heap before
{Heap before GC invocations=88 (full 0):
 garbage-first heap   total 524288K, used 311658K [0x0000000602000000, 0x0000000800000000)
  region size 4096K, 76 young (311296K), 1 survivors (4096K)
 Metaspace       used 17661K, committed 17920K, reserved 1114112K
  class space    used 1937K, committed 2048K, reserved 1048576K
}
Event: 3434.936 GC heap after
{Heap after GC invocations=89 (full 0):
 garbage-first heap   total 524288K, used 4457K [0x0000000602000000, 0x0000000800000000)
  region size 4096K, 1 young (4096K), 1 survivors (4096K)
 Metaspace       used 17661K, committed 17920K, reserved 1114112K
  class space    used 1937K, committed 2048K, reserved 1048576K
}
Event: 3474.334 GC heap before
{Heap before GC invocations=89 (full 0):
 garbage-first heap   total 524288K, used 311657K [0x0000000602000000, 0x0000000800000000)
  region size 4096K, 76 young (311296K), 1 survivors (4096K)
 Metaspace       used 17661K, committed 17920K, reserved 1114112K
  class space    used 1937K, committed 2048K, reserved 1048576K
}
Event: 3474.334 GC heap after
{Heap after GC invocations=90 (full 0):
 garbage-first heap   total 524288K, used 4455K [0x0000000602000000, 0x0000000800000000)
  region size 4096K, 1 young (4096K), 1 survivors (4096K)
 Metaspace       used 17661K, committed 17920K, reserved 1114112K
  class space    used 1937K, committed 2048K, reserved 1048576K
}
Event: 3513.677 GC heap before
{Heap before GC invocations=90 (full 0):
 garbage-first heap   total 524288K, used 311655K [0x0000000602000000, 0x0000000800000000)
  region size 4096K, 76 young (311296K), 1 survivors (4096K)
 Metaspace       used 17661K, committed 17920K, reserved 1114112K
  class space    used 1937K, committed 2048K, reserved 1048576K
}
Event: 3513.677 GC heap after
{Heap after GC invocations=91 (full 0):
 garbage-first heap   total 524288K, used 4455K [0x0000000602000000, 0x0000000800000000)
  region size 4096K, 1 young (4096K), 1 survivors (4096K)
 Metaspace       used 17661K, committed 17920K, reserved 1114112K
  class space    used 1937K, committed 2048K, reserved 1048576K
}

Dll operation events (9 events):
Event: 0.003 Loaded shared library C:\Program Files\Microsoft\jdk-21.0.3.9-hotspot\bin\java.dll
Event: 0.022 Loaded shared library C:\Program Files\Microsoft\jdk-21.0.3.9-hotspot\bin\jsvml.dll
Event: 0.045 Loaded shared library C:\Program Files\Microsoft\jdk-21.0.3.9-hotspot\bin\jimage.dll
Event: 0.056 Loaded shared library C:\Program Files\Microsoft\jdk-21.0.3.9-hotspot\bin\awt.dll
Event: 0.288 Loaded shared library C:\Program Files\Microsoft\jdk-21.0.3.9-hotspot\bin\net.dll
Event: 0.290 Loaded shared library C:\Program Files\Microsoft\jdk-21.0.3.9-hotspot\bin\nio.dll
Event: 0.299 Loaded shared library C:\Program Files\Microsoft\jdk-21.0.3.9-hotspot\bin\zip.dll
Event: 0.358 Loaded shared library C:\Program Files\Microsoft\jdk-21.0.3.9-hotspot\bin\freetype.dll
Event: 0.359 Loaded shared library C:\Program Files\Microsoft\jdk-21.0.3.9-hotspot\bin\fontmanager.dll

Deoptimization events (20 events):
Event: 1239.519 Thread 0x000001f14ef459d0 DEOPT PACKING pc=0x000001f164279042 sp=0x00000079993ff250
Event: 1239.519 Thread 0x000001f14ef459d0 DEOPT UNPACKING pc=0x000001f16b014e42 sp=0x00000079993fe760 mode 0
Event: 3518.939 Thread 0x000001f1472a9430 Uncommon trap: trap_request=0xffffffcc fr.pc=0x000001f16b944230 relative=0x0000000000000370
Event: 3518.939 Thread 0x000001f1472a9430 Uncommon trap: reason=intrinsic_or_type_checked_inlining action=make_not_entrant pc=0x000001f16b944230 method=java.util.ArrayList.toArray([Ljava/lang/Object;)[Ljava/lang/Object; @ 36 c2
Event: 3518.939 Thread 0x000001f1472a9430 DEOPT PACKING pc=0x000001f16b944230 sp=0x0000007998dfe3b0
Event: 3518.939 Thread 0x000001f1472a9430 DEOPT UNPACKING pc=0x000001f16b0146a2 sp=0x0000007998dfe380 mode 2
Event: 3520.182 Thread 0x000001f1472a9430 Uncommon trap: trap_request=0xffffff45 fr.pc=0x000001f16b90d1f4 relative=0x0000000000007e54
Event: 3520.182 Thread 0x000001f1472a9430 Uncommon trap: reason=unstable_if action=reinterpret pc=0x000001f16b90d1f4 method=Form1.Rasclad(I)V @ 478 c2
Event: 3520.182 Thread 0x000001f1472a9430 DEOPT PACKING pc=0x000001f16b90d1f4 sp=0x0000007998dff1b0
Event: 3520.182 Thread 0x000001f1472a9430 DEOPT UNPACKING pc=0x000001f16b0146a2 sp=0x0000007998dff188 mode 2
Event: 3520.580 Thread 0x000001f1472a9430 DEOPT PACKING pc=0x000001f164292fc0 sp=0x0000007998dff050
Event: 3520.580 Thread 0x000001f1472a9430 DEOPT UNPACKING pc=0x000001f16b014e42 sp=0x0000007998dfe678 mode 0
Event: 3522.465 Thread 0x000001f1472a9430 DEOPT PACKING pc=0x000001f1642929a4 sp=0x0000007998dff050
Event: 3522.465 Thread 0x000001f1472a9430 DEOPT UNPACKING pc=0x000001f16b014e42 sp=0x0000007998dfe678 mode 0
Event: 3524.299 Thread 0x000001f1472a9430 DEOPT PACKING pc=0x000001f1642929a4 sp=0x0000007998dff050
Event: 3524.299 Thread 0x000001f1472a9430 DEOPT UNPACKING pc=0x000001f16b014e42 sp=0x0000007998dfe678 mode 0
Event: 3526.161 Thread 0x000001f1472a9430 DEOPT PACKING pc=0x000001f164293008 sp=0x0000007998dff050
Event: 3526.161 Thread 0x000001f1472a9430 DEOPT UNPACKING pc=0x000001f16b014e42 sp=0x0000007998dfe678 mode 0
Event: 3527.947 Thread 0x000001f1472a9430 DEOPT PACKING pc=0x000001f164293008 sp=0x0000007998dff050
Event: 3527.947 Thread 0x000001f1472a9430 DEOPT UNPACKING pc=0x000001f16b014e42 sp=0x0000007998dfe678 mode 0

Classes loaded (20 events):
Event: 20.868 Loading class sun/java2d/marlin/Dasher$LengthIterator
Event: 20.868 Loading class sun/java2d/marlin/Dasher$LengthIterator done
Event: 20.868 Loading class sun/java2d/marlin/MergeSort
Event: 20.868 Loading class sun/java2d/marlin/MergeSort done
Event: 20.868 Loading class sun/java2d/marlin/MarlinUtils
Event: 20.868 Loading class sun/java2d/marlin/MarlinUtils done
Event: 20.868 Loading class sun/java2d/marlin/DPQSSorterContext
Event: 20.868 Loading class sun/java2d/marlin/DPQSSorterContext done
Event: 20.869 Loading class java/awt/geom/LineIterator
Event: 20.869 Loading class java/awt/geom/LineIterator done
Event: 20.869 Loading class sun/java2d/marlin/Helpers
Event: 20.869 Loading class sun/java2d/marlin/Helpers done
Event: 20.952 Loading class sun/awt/shell/Win32ShellFolder2$FolderDisposer$1
Event: 20.952 Loading class sun/awt/shell/Win32ShellFolder2$FolderDisposer$1 done
Event: 23.115 Loading class java/lang/Throwable$WrappedPrintStream
Event: 23.115 Loading class java/lang/Throwable$PrintStreamOrWriter
Event: 23.115 Loading class java/lang/Throwable$PrintStreamOrWriter done
Event: 23.115 Loading class java/lang/Throwable$WrappedPrintStream done
Event: 23.116 Loading class java/lang/StackTraceElement$HashedModules
Event: 23.116 Loading class java/lang/StackTraceElement$HashedModules done

Classes unloaded (0 events):
No events

Classes redefined (0 events):
No events

Internal exceptions (20 events):
Event: 0.240 Thread 0x000001f159b7fa40 Exception <a 'java/lang/ClassNotFoundException'{0x0000000621aad5e0}: com/sun/swing/internal/plaf/metal/resources/spi/metalProvider> (0x0000000621aad5e0) 
thrown [s\src\hotspot\share\classfile\systemDictionary.cpp, line 312]
Event: 0.241 Thread 0x000001f159b7fa40 Exception <a 'java/lang/ClassNotFoundException'{0x0000000621ab1540}: com/sun/swing/internal/plaf/basic/resources/spi/basicProvider> (0x0000000621ab1540) 
thrown [s\src\hotspot\share\classfile\systemDictionary.cpp, line 312]
Event: 0.246 Thread 0x000001f159b7fa40 Exception <a 'java/lang/NoSuchMethodError'{0x0000000621ad0d98}: 'int java.lang.invoke.Invokers$Holder.invokeExact_MT(java.lang.Object, java.lang.Object)'> (0x0000000621ad0d98) 
thrown [s\src\hotspot\share\interpreter\linkResolver.cpp, line 773]
Event: 0.284 Thread 0x000001f159b7fa40 Exception <a 'java/lang/NoSuchMethodError'{0x0000000621b559f0}: 'java.lang.Object java.lang.invoke.DirectMethodHandle$Holder.invokeStaticInit(java.lang.Object, int, int, int, int)'> (0x0000000621b559f0) 
thrown [s\src\hotspot\share\interpreter\linkResolver.cpp, line 773]
Event: 0.292 Thread 0x000001f159b7fa40 Exception <a 'java/lang/NoSuchMethodError'{0x0000000621b75240}: 'java.lang.Object java.lang.invoke.DirectMethodHandle$Holder.invokeStaticInit(java.lang.Object, java.lang.Object, int, int, int, int)'> (0x0000000621b75240) 
thrown [s\src\hotspot\share\interpreter\linkResolver.cpp, line 773]
Event: 0.319 Thread 0x000001f159b7fa40 Exception <a 'java/lang/NoSuchMethodError'{0x0000000621bc9b48}: 'void java.lang.invoke.DirectMethodHandle$Holder.invokeStatic(java.lang.Object, java.lang.Object, java.lang.Object)'> (0x0000000621bc9b48) 
thrown [s\src\hotspot\share\interpreter\linkResolver.cpp, line 773]
Event: 0.320 Thread 0x000001f159b7fa40 Exception <a 'java/lang/NoSuchMethodError'{0x0000000621bcf588}: 'void java.lang.invoke.DirectMethodHandle$Holder.invokeStatic(java.lang.Object, java.lang.Object)'> (0x0000000621bcf588) 
thrown [s\src\hotspot\share\interpreter\linkResolver.cpp, line 773]
Event: 0.325 Thread 0x000001f147238090 Exception <a 'java/lang/NoSuchMethodError'{0x0000000621411218}: 'java.lang.Object java.lang.invoke.DirectMethodHandle$Holder.newInvokeSpecial(java.lang.Object, java.lang.Object, java.lang.Object, int, int, int, int, int)'> (0x0000000621411218) 
thrown [s\src\hotspot\share\interpreter\linkResolver.cpp, line 773]
Event: 0.473 Thread 0x000001f1463bdac0 Exception <a 'java/lang/NoSuchMethodError'{0x0000000621986858}: 'void java.lang.invoke.DirectMethodHandle$Holder.invokeVirtual(java.lang.Object, java.lang.Object)'> (0x0000000621986858) 
thrown [s\src\hotspot\share\interpreter\linkResolver.cpp, line 773]
Event: 0.481 Thread 0x000001f159b7fa40 Exception <a 'java/lang/NoSuchMethodError'{0x0000000621751828}: 'void java.lang.invoke.DirectMethodHandle$Holder.invokeStaticInit(java.lang.Object)'> (0x0000000621751828) 
thrown [s\src\hotspot\share\interpreter\linkResolver.cpp, line 773]
Event: 2.200 Thread 0x000001f1472a9430 Exception <a 'java/lang/NoSuchMethodError'{0x0000000621286ac8}: 'int java.lang.invoke.DirectMethodHandle$Holder.invokeStatic(java.lang.Object)'> (0x0000000621286ac8) 
thrown [s\src\hotspot\share\interpreter\linkResolver.cpp, line 773]
Event: 2.826 Thread 0x000001f1472a9430 Exception <a 'java/lang/NoSuchMethodError'{0x000000062130eac8}: 'java.lang.Object java.lang.invoke.DirectMethodHandle$Holder.newInvokeSpecial(java.lang.Object, java.lang.Object, int)'> (0x000000062130eac8) 
thrown [s\src\hotspot\share\interpreter\linkResolver.cpp, line 773]
Event: 7.785 Thread 0x000001f1472a9430 Implicit null exception at 0x000001f16b75f0f9 to 0x000001f16b760b0c
Event: 7.787 Thread 0x000001f1472a9430 Implicit null exception at 0x000001f16b772c9b to 0x000001f16b77454c
Event: 16.340 Thread 0x000001f1472a9430 Implicit null exception at 0x000001f16b7e32e8 to 0x000001f16b7e4080
Event: 16.389 Thread 0x000001f1472a9430 Exception <a 'java/lang/ClassNotFoundException'{0x0000000621647fb0}: com/sun/org/apache/xml/internal/serializer/spi/XMLEntitiesProvider> (0x0000000621647fb0) 
thrown [s\src\hotspot\share\classfile\systemDictionary.cpp, line 312]
Event: 20.858 Thread 0x000001f14ef487c0 Exception <a 'java/lang/NoSuchMethodError'{0x0000000620f92a88}: 'void java.lang.invoke.DirectMethodHandle$Holder.invokeSpecial(java.lang.Object, java.lang.Object, int)'> (0x0000000620f92a88) 
thrown [s\src\hotspot\share\interpreter\linkResolver.cpp, line 773]
Event: 20.960 Thread 0x000001f1472a9430 Implicit null exception at 0x000001f16b83c6eb to 0x000001f16b83e414
Event: 22.559 Thread 0x000001f1472a9430 Implicit null exception at 0x000001f16b7ff367 to 0x000001f16b800204
Event: 23.115 Thread 0x000001f1472a9430 Exception <a 'java/lang/NullPointerException'{0x0000000615e975d0}> (0x0000000615e975d0) 
thrown [s\src\hotspot\share\interpreter\linkResolver.cpp, line 1372]

ZGC Phase Switch (0 events):
No events

VM Operations (20 events):
Event: 3395.277 Executing VM operation: G1CollectForAllocation (G1 Evacuation Pause)
Event: 3395.277 Executing VM operation: G1CollectForAllocation (G1 Evacuation Pause) done
Event: 3426.880 Executing VM operation: HandshakeAllThreads (HandshakeForDeflation)
Event: 3426.880 Executing VM operation: HandshakeAllThreads (HandshakeForDeflation) done
Event: 3426.880 Executing VM operation: RendezvousGCThreads
Event: 3426.880 Executing VM operation: RendezvousGCThreads done
Event: 3434.935 Executing VM operation: G1CollectForAllocation (G1 Evacuation Pause)
Event: 3434.936 Executing VM operation: G1CollectForAllocation (G1 Evacuation Pause) done
Event: 3474.334 Executing VM operation: G1CollectForAllocation (G1 Evacuation Pause)
Event: 3474.334 Executing VM operation: G1CollectForAllocation (G1 Evacuation Pause) done
Event: 3487.039 Executing VM operation: HandshakeAllThreads (HandshakeForDeflation)
Event: 3487.039 Executing VM operation: HandshakeAllThreads (HandshakeForDeflation) done
Event: 3487.039 Executing VM operation: RendezvousGCThreads
Event: 3487.039 Executing VM operation: RendezvousGCThreads done
Event: 3513.677 Executing VM operation: G1CollectForAllocation (G1 Evacuation Pause)
Event: 3513.677 Executing VM operation: G1CollectForAllocation (G1 Evacuation Pause) done
Event: 3519.724 Executing VM operation: Cleanup
Event: 3519.724 Executing VM operation: Cleanup done
Event: 3520.737 Executing VM operation: Cleanup
Event: 3520.737 Executing VM operation: Cleanup done

Events (20 events):
Event: 16.420 Thread 0x000001f14ef466f0 Thread added: 0x000001f14ef466f0
Event: 16.829 Thread 0x000001f14f1d2470 Thread exited: 0x000001f14f1d2470
Event: 17.615 Thread 0x000001f14ef809a0 Thread exited: 0x000001f14ef809a0
Event: 20.434 Thread 0x000001f14f31b010 Thread added: 0x000001f14f31b010
Event: 20.434 Thread 0x000001f14f3717f0 Thread added: 0x000001f14f3717f0
Event: 20.645 Thread 0x000001f14f3717f0 Thread exited: 0x000001f14f3717f0
Event: 20.857 Thread 0x000001f14ef487c0 Thread added: 0x000001f14ef487c0
Event: 20.952 Thread 0x000001f14f113220 Thread added: 0x000001f14f113220
Event: 21.231 Thread 0x000001f14f113220 Thread exited: 0x000001f14f113220
Event: 21.436 Thread 0x000001f14ef466f0 Thread exited: 0x000001f14ef466f0
Event: 21.468 Thread 0x000001f14f31b010 Thread exited: 0x000001f14f31b010
Event: 22.501 Thread 0x000001f14ef487c0 Thread exited: 0x000001f14ef487c0
Event: 22.533 Thread 0x000001f151e5a620 Thread added: 0x000001f151e5a620
Event: 22.535 Thread 0x000001f15197d380 Thread added: 0x000001f15197d380
Event: 22.535 Thread 0x000001f1520b0d40 Thread added: 0x000001f1520b0d40
Event: 22.557 Thread 0x000001f14ef47aa0 Thread added: 0x000001f14ef47aa0
Event: 22.559 Thread 0x000001f14ef47aa0 Thread exited: 0x000001f14ef47aa0
Event: 23.010 Thread 0x000001f151e5a620 Thread exited: 0x000001f151e5a620
Event: 25.248 Thread 0x000001f1520b0d40 Thread exited: 0x000001f1520b0d40
Event: 25.248 Thread 0x000001f15197d380 Thread exited: 0x000001f15197d380


Dynamic libraries:
0x00007ff78f010000 - 0x00007ff78f01e000 	C:\Program Files\Microsoft\jdk-21.0.3.9-hotspot\bin\javaw.exe
0x00007ffd8f330000 - 0x00007ffd8f528000 	C:\Windows\SYSTEM32\ntdll.dll
0x00007ffd8dd70000 - 0x00007ffd8de32000 	C:\Windows\System32\KERNEL32.DLL
0x00007ffd8cdd0000 - 0x00007ffd8d0c6000 	C:\Windows\System32\KERNELBASE.dll
0x00007ffd8cc20000 - 0x00007ffd8cd20000 	C:\Windows\System32\ucrtbase.dll
0x00007ffd7bd10000 - 0x00007ffd7bd28000 	C:\Program Files\Microsoft\jdk-21.0.3.9-hotspot\bin\jli.dll
0x00007ffd7bd30000 - 0x00007ffd7bd4b000 	C:\Program Files\Microsoft\jdk-21.0.3.9-hotspot\bin\VCRUNTIME140.dll
0x00007ffd8d5c0000 - 0x00007ffd8d75d000 	C:\Windows\System32\USER32.dll
0x00007ffd7db40000 - 0x00007ffd7dddb000 	C:\Windows\WinSxS\amd64_microsoft.windows.common-controls_6595b64144ccf1df_6.0.19041.6280_none_60bc30a171f2f3f3\COMCTL32.dll
0x00007ffd8d270000 - 0x00007ffd8d292000 	C:\Windows\System32\win32u.dll
0x00007ffd8d590000 - 0x00007ffd8d5bb000 	C:\Windows\System32\GDI32.dll
0x00007ffd8dc40000 - 0x00007ffd8dcde000 	C:\Windows\System32\msvcrt.dll
0x00007ffd8d150000 - 0x00007ffd8d269000 	C:\Windows\System32\gdi32full.dll
0x00007ffd8c9d0000 - 0x00007ffd8ca6d000 	C:\Windows\System32\msvcp_win.dll
0x00007ffd8daa0000 - 0x00007ffd8dacf000 	C:\Windows\System32\IMM32.DLL
0x00007ffd7bd00000 - 0x00007ffd7bd0c000 	C:\Program Files\Microsoft\jdk-21.0.3.9-hotspot\bin\vcruntime140_1.dll
0x00007ffd7bc70000 - 0x00007ffd7bcfd000 	C:\Program Files\Microsoft\jdk-21.0.3.9-hotspot\bin\msvcp140.dll
0x00007ffd61270000 - 0x00007ffd62004000 	C:\Program Files\Microsoft\jdk-21.0.3.9-hotspot\bin\server\jvm.dll
0x00007ffd8dae0000 - 0x00007ffd8db91000 	C:\Windows\System32\ADVAPI32.dll
0x00007ffd8dba0000 - 0x00007ffd8dc3f000 	C:\Windows\System32\sechost.dll
0x00007ffd8d360000 - 0x00007ffd8d480000 	C:\Windows\System32\RPCRT4.dll
0x00007ffd8d330000 - 0x00007ffd8d357000 	C:\Windows\System32\bcrypt.dll
0x00007ffd8ec20000 - 0x00007ffd8ec8b000 	C:\Windows\System32\WS2_32.dll
0x00007ffd8c1e0000 - 0x00007ffd8c22b000 	C:\Windows\SYSTEM32\POWRPROF.dll
0x00007ffd82a40000 - 0x00007ffd82a67000 	C:\Windows\SYSTEM32\WINMM.dll
0x00007ffd86b10000 - 0x00007ffd86b1a000 	C:\Windows\SYSTEM32\VERSION.dll
0x00007ffd8c160000 - 0x00007ffd8c172000 	C:\Windows\SYSTEM32\UMPDC.dll
0x00007ffd8a870000 - 0x00007ffd8a882000 	C:\Windows\SYSTEM32\kernel.appcore.dll
0x00007ffd7bc60000 - 0x00007ffd7bc6a000 	C:\Program Files\Microsoft\jdk-21.0.3.9-hotspot\bin\jimage.dll
0x00007ffd81fd0000 - 0x00007ffd821d1000 	C:\Windows\SYSTEM32\DBGHELP.DLL
0x00007ffd70780000 - 0x00007ffd707b4000 	C:\Windows\SYSTEM32\dbgcore.DLL
0x00007ffd8d2a0000 - 0x00007ffd8d322000 	C:\Windows\System32\bcryptPrimitives.dll
0x00007ffd7bc40000 - 0x00007ffd7bc5f000 	C:\Program Files\Microsoft\jdk-21.0.3.9-hotspot\bin\java.dll
0x00007ffd8de40000 - 0x00007ffd8e5b0000 	C:\Windows\System32\SHELL32.dll
0x00007ffd8aa70000 - 0x00007ffd8b215000 	C:\Windows\SYSTEM32\windows.storage.dll
0x00007ffd8e5b0000 - 0x00007ffd8e903000 	C:\Windows\System32\combase.dll
0x00007ffd8c400000 - 0x00007ffd8c42b000 	C:\Windows\SYSTEM32\Wldp.dll
0x00007ffd8d770000 - 0x00007ffd8d83d000 	C:\Windows\System32\OLEAUT32.dll
0x00007ffd8d480000 - 0x00007ffd8d52d000 	C:\Windows\System32\SHCORE.dll
0x00007ffd8ec90000 - 0x00007ffd8eceb000 	C:\Windows\System32\shlwapi.dll
0x00007ffd8c900000 - 0x00007ffd8c924000 	C:\Windows\SYSTEM32\profapi.dll
0x00007ffd70ae0000 - 0x00007ffd70bb7000 	C:\Program Files\Microsoft\jdk-21.0.3.9-hotspot\bin\jsvml.dll
0x00007ffd610e0000 - 0x00007ffd6126d000 	C:\Program Files\Microsoft\jdk-21.0.3.9-hotspot\bin\awt.dll
0x00007ffd88230000 - 0x00007ffd882c4000 	C:\Windows\SYSTEM32\apphelp.dll
0x00007ffd8a570000 - 0x00007ffd8a59e000 	C:\Windows\system32\DWMAPI.DLL
0x00007ffd8a380000 - 0x00007ffd8a41e000 	C:\Windows\system32\uxtheme.dll
0x00007ffd60fb0000 - 0x00007ffd610d8000 	C:\Windows\system32\opengl32.dll
0x00007ffd7b7e0000 - 0x00007ffd7b80c000 	C:\Windows\SYSTEM32\GLU32.dll
0x0000000180000000 - 0x0000000183586000 	C:\Program Files (x86)\RivaTuner Statistics Server\RTSSHooks64.dll
0x00007ffd8ecf0000 - 0x00007ffd8f160000 	C:\Windows\System32\SETUPAPI.dll
0x00007ffd8cbd0000 - 0x00007ffd8cc1e000 	C:\Windows\System32\cfgmgr32.dll
0x00007ffd8d840000 - 0x00007ffd8d955000 	C:\Windows\System32\MSCTF.dll
0x00007ffd8f160000 - 0x00007ffd8f28b000 	C:\Windows\System32\ole32.dll
0x00007ffd60dd0000 - 0x00007ffd60fa1000 	C:\Windows\system32\d3d9.dll
0x00007ffd82870000 - 0x00007ffd82931000 	C:\Windows\System32\DriverStore\FileRepository\nvmd.inf_amd64_aa54f7a758543a0a\nvldumdx.dll
0x00007ffd8c590000 - 0x00007ffd8c5a2000 	C:\Windows\SYSTEM32\msasn1.dll
0x00007ffd86aa0000 - 0x00007ffd86ad1000 	C:\Windows\SYSTEM32\cryptnet.dll
0x00007ffd8ca70000 - 0x00007ffd8cbcd000 	C:\Windows\System32\CRYPT32.dll
0x00007ffd8c350000 - 0x00007ffd8c35c000 	C:\Windows\SYSTEM32\cryptbase.dll
0x00007ffd86920000 - 0x00007ffd86a67000 	C:\Windows\SYSTEM32\drvstore.dll
0x00007ffd8c760000 - 0x00007ffd8c793000 	C:\Windows\SYSTEM32\devobj.dll
0x00007ffd8d0d0000 - 0x00007ffd8d143000 	C:\Windows\System32\wintrust.dll
0x00007ffd8eba0000 - 0x00007ffd8ebbd000 	C:\Windows\System32\imagehlp.dll
0x00007ffd8c360000 - 0x00007ffd8c378000 	C:\Windows\SYSTEM32\CRYPTSP.dll
0x00007ffd8b9b0000 - 0x00007ffd8b9e8000 	C:\Windows\system32\rsaenh.dll
0x00007ffd7fb30000 - 0x00007ffd81b1e000 	C:\Windows\System32\DriverStore\FileRepository\nvmd.inf_amd64_aa54f7a758543a0a\nvgpucomp64.dll
0x00007ffd5b9f0000 - 0x00007ffd5d484000 	C:\Windows\System32\DriverStore\FileRepository\nvmd.inf_amd64_aa54f7a758543a0a\nvd3dumx.dll
0x00007ffd8b230000 - 0x00007ffd8b253000 	C:\Windows\SYSTEM32\gpapi.dll
0x00007ffd60c70000 - 0x00007ffd60dc5000 	C:\Windows\System32\DriverStore\FileRepository\nvmd.inf_amd64_aa54f7a758543a0a\nvppex.dll
0x00007ffd876d0000 - 0x00007ffd8770b000 	C:\Windows\SYSTEM32\dxcore.dll
0x00007ffd8c8c0000 - 0x00007ffd8c8ee000 	C:\Windows\SYSTEM32\USERENV.dll
0x00007ffd7b7d0000 - 0x00007ffd7b7e0000 	C:\Program Files\Microsoft\jdk-21.0.3.9-hotspot\bin\net.dll
0x00007ffd86550000 - 0x00007ffd8665a000 	C:\Windows\SYSTEM32\WINHTTP.dll
0x00007ffd8c0f0000 - 0x00007ffd8c15a000 	C:\Windows\system32\mswsock.dll
0x00007ffd8bdd0000 - 0x00007ffd8be0b000 	C:\Windows\SYSTEM32\IPHLPAPI.DLL
0x00007ffd8dad0000 - 0x00007ffd8dad8000 	C:\Windows\System32\NSI.dll
0x00007ffd7af80000 - 0x00007ffd7af96000 	C:\Program Files\Microsoft\jdk-21.0.3.9-hotspot\bin\nio.dll
0x00007ffd7af60000 - 0x00007ffd7af78000 	C:\Program Files\Microsoft\jdk-21.0.3.9-hotspot\bin\zip.dll
0x00007ffd7d6f0000 - 0x00007ffd7d7a0000 	C:\Windows\WinSxS\amd64_microsoft.windows.common-controls_6595b64144ccf1df_5.82.19041.6280_none_792d7c952443c49a\comctl32.dll
0x00007ffd70a50000 - 0x00007ffd70ad7000 	C:\Program Files\Microsoft\jdk-21.0.3.9-hotspot\bin\freetype.dll
0x00007ffd60b80000 - 0x00007ffd60c62000 	C:\Program Files\Microsoft\jdk-21.0.3.9-hotspot\bin\fontmanager.dll
0x00007ffd8d960000 - 0x00007ffd8da09000 	C:\Windows\System32\clbcatq.dll
0x00007ffd88670000 - 0x00007ffd88764000 	C:\Windows\SYSTEM32\PROPSYS.dll
0x00007ffd7a750000 - 0x00007ffd7a767000 	C:\Windows\system32\NetworkExplorer.dll
0x00007ffd702f0000 - 0x00007ffd7030d000 	C:\Windows\SYSTEM32\MPR.dll
0x00007ffd88110000 - 0x00007ffd8811b000 	C:\Windows\System32\drprov.dll
0x00007ffd8bd40000 - 0x00007ffd8bd9b000 	C:\Windows\System32\WINSTA.dll
0x00007ffd876b0000 - 0x00007ffd876cf000 	C:\Windows\System32\ntlanman.dll
0x00007ffd84740000 - 0x00007ffd8475e000 	C:\Windows\System32\davclnt.dll
0x00007ffd876a0000 - 0x00007ffd876ad000 	C:\Windows\System32\DAVHLPR.dll
0x00007ffd8bad0000 - 0x00007ffd8bae9000 	C:\Windows\System32\wkscli.dll
0x00007ffd72370000 - 0x00007ffd72382000 	C:\Windows\SYSTEM32\cscapi.dll
0x00007ffd8bf30000 - 0x00007ffd8bf3c000 	C:\Windows\System32\netutils.dll
0x00007ffd7a7c0000 - 0x00007ffd7a816000 	C:\Windows\System32\dlnashext.dll
0x00007ffd65350000 - 0x00007ffd653b4000 	C:\Windows\System32\PlayToDevice.dll
0x00007ffd7a440000 - 0x00007ffd7a460000 	C:\Windows\System32\DevDispItemProvider.dll
0x00007ffd85c80000 - 0x00007ffd85d05000 	C:\Windows\System32\MMDevApi.dll
0x00007ffd60ad0000 - 0x00007ffd60b71000 	C:\Windows\system32\wpdshext.dll
0x00007ffd7d990000 - 0x00007ffd7db38000 	C:\Windows\WinSxS\amd64_microsoft.windows.gdiplus_6595b64144ccf1df_1.1.19041.6216_none_919f98d0cc8c5626\gdiplus.dll
0x00007ffd88360000 - 0x00007ffd88403000 	C:\Windows\System32\PortableDeviceApi.dll
0x00007ffd70c10000 - 0x00007ffd70c47000 	C:\Windows\System32\EhStorShell.dll
0x00007ffd70a20000 - 0x00007ffd70a46000 	C:\Windows\System32\EhStorAPI.dll
0x00007ffd881f0000 - 0x00007ffd88204000 	C:\Windows\System32\WTSAPI32.dll
0x00007ffd81cd0000 - 0x00007ffd81dc9000 	C:\Windows\SYSTEM32\textinputframework.dll
0x00007ffd87bf0000 - 0x00007ffd87f4b000 	C:\Windows\System32\CoreUIComponents.dll
0x00007ffd89670000 - 0x00007ffd89762000 	C:\Windows\System32\CoreMessaging.dll
0x00007ffd8bc00000 - 0x00007ffd8bc33000 	C:\Windows\SYSTEM32\ntmarta.dll
0x00007ffd87a70000 - 0x00007ffd87bc7000 	C:\Windows\SYSTEM32\wintypes.dll
0x00007ffd8a170000 - 0x00007ffd8a326000 	C:\Windows\SYSTEM32\WindowsCodecs.dll
0x00007ffd6c800000 - 0x00007ffd6c83e000 	C:\Windows\system32\dataexchange.dll
0x00007ffd89b30000 - 0x00007ffd89d14000 	C:\Windows\system32\dcomp.dll
0x00007ffd88890000 - 0x00007ffd88af4000 	C:\Windows\system32\d3d11.dll
0x00007ffd8b260000 - 0x00007ffd8b356000 	C:\Windows\system32\dxgi.dll
0x00007ffd85a00000 - 0x00007ffd85c03000 	C:\Windows\system32\twinapi.appcore.dll

dbghelp: loaded successfully - version: 4.0.5 - missing functions: none
symbol engine: initialized successfully - sym options: 0x614 - pdb path: .;C:\Program Files\Microsoft\jdk-21.0.3.9-hotspot\bin;C:\Windows\SYSTEM32;C:\Windows\WinSxS\amd64_microsoft.windows.common-controls_6595b64144ccf1df_6.0.19041.6280_none_60bc30a171f2f3f3;C:\Program Files\Microsoft\jdk-21.0.3.9-hotspot\bin\server;C:\Program Files (x86)\RivaTuner Statistics Server;C:\Windows\System32\DriverStore\FileRepository\nvmd.inf_amd64_aa54f7a758543a0a;C:\Windows\WinSxS\amd64_microsoft.windows.common-controls_6595b64144ccf1df_5.82.19041.6280_none_792d7c952443c49a;C:\Windows\WinSxS\amd64_microsoft.windows.gdiplus_6595b64144ccf1df_1.1.19041.6216_none_919f98d0cc8c5626

VM Arguments:
jvm_args: -Dfile.encoding=UTF-8 -Dstdout.encoding=UTF-8 -Dstderr.encoding=UTF-8 -XX:+ShowCodeDetailsInExceptionMessages 
java_command: Main
java_class_path (initial): D:\ \Java\  \Source_code\AutoLayout\bin
Launcher Type: SUN_STANDARD

[Global flags]
     intx CICompilerCount                          = 12                                        {product} {ergonomic}
     uint ConcGCThreads                            = 3                                         {product} {ergonomic}
     uint G1ConcRefinementThreads                  = 13                                        {product} {ergonomic}
   size_t G1HeapRegionSize                         = 4194304                                   {product} {ergonomic}
    uintx GCDrainStackTargetSize                   = 64                                        {product} {ergonomic}
   size_t InitialHeapSize                          = 536870912                                 {product} {ergonomic}
   size_t MarkStackSize                            = 4194304                                   {product} {ergonomic}
   size_t MaxHeapSize                              = 8556380160                                {product} {ergonomic}
   size_t MaxNewSize                               = 5133828096                                {product} {ergonomic}
   size_t MinHeapDeltaBytes                        = 4194304                                   {product} {ergonomic}
   size_t MinHeapSize                              = 8388608                                   {product} {ergonomic}
    uintx NonNMethodCodeHeapSize                   = 7602480                                {pd product} {ergonomic}
    uintx NonProfiledCodeHeapSize                  = 122027880                              {pd product} {ergonomic}
    uintx ProfiledCodeHeapSize                     = 122027880                              {pd product} {ergonomic}
    uintx ReservedCodeCacheSize                    = 251658240                              {pd product} {ergonomic}
     bool SegmentedCodeCache                       = true                                      {product} {ergonomic}
     bool ShowCodeDetailsInExceptionMessages       = true                                   {manageable} {command line}
   size_t SoftMaxHeapSize                          = 8556380160                             {manageable} {ergonomic}
     bool UseCompressedOops                        = true                           {product lp64_product} {ergonomic}
     bool UseG1GC                                  = true                                      {product} {ergonomic}
     bool UseLargePagesIndividualAllocation        = false                                  {pd product} {ergonomic}

Logging:
Log output configuration:
 #0: stdout all=warning uptime,level,tags foldmultilines=false
 #1: stderr all=off uptime,level,tags foldmultilines=false

Environment Variables:
PATH=C:/Users//.p2/pool/plugins/org.eclipse.justj.openjdk.hotspot.jre.full.win32.x86_64_21.0.9.v20251105-0741/jre/bin/server;C:/Users//.p2/pool/plugins/org.eclipse.justj.openjdk.hotspot.jre.full.win32.x86_64_21.0.9.v20251105-0741/jre/bin;C:\Program Files\Microsoft\jdk-21.0.3.9-hotspot\bin;C:\Windows\system32;C:\Windows;C:\Windows\System32\Wbem;C:\Windows\System32\WindowsPowerShell\v1.0\;C:\Windows\System32\OpenSSH\;C:\Program Files\dotnet\;C:\Program Files\Git\cmd;C:\Program Files\nodejs\;C:\Program Files (x86)\Common Files\Acronis\SnapAPI\;C:\Program Files (x86)\Common Files\Acronis\VirtualFile\;C:\Program Files (x86)\Common Files\Acronis\VirtualFile64\;C:\Program Files (x86)\Common Files\Acronis\FileProtector\;C:\Program Files (x86)\Common Files\Acronis\FileProtector64\;C:\Users\\AppData\Local\Programs\Python\Launcher\;C:\Users\\AppData\Local\Microsoft\WindowsApps;C:\Users\\.dotnet\tools;C:\Users\\AppData\Local\Programs\Microsoft VS Code\bin;C:\Users\\AppData\Roaming\npm;C:\Windows\system32;
USERNAME=
OS=Windows_NT
PROCESSOR_IDENTIFIER=AMD64 Family 25 Model 80 Stepping 0, AuthenticAMD
TMP=C:\Users\AACE~1\AppData\Local\Temp
TEMP=C:\Users\AACE~1\AppData\Local\Temp




Periodic native trim disabled

---------------  S Y S T E M  ---------------

OS:
 Windows 10 , 64 bit Build 19041 (10.0.19041.5915)
OS uptime: 0 days 1:19 hours

CPU: total 16 (initial active 16) (16 cores per cpu, 2 threads per core) family 25 model 80 stepping 0 microcode 0x0, cx8, cmov, fxsr, ht, mmx, 3dnowpref, sse, sse2, sse3, ssse3, sse4a, sse4.1, sse4.2, popcnt, lzcnt, tsc, tscinvbit, avx, avx2, aes, erms, clmul, bmi1, bmi2, adx, sha, fma, vzeroupper, clflush, clflushopt, rdtscp, rdpid, fsrm, f16c, pku, cet_ss
Processor Information for all 16 processors :
  Max Mhz: 4301, Current Mhz: 4301, Mhz Limit: 4301

Memory: 4k page, system-wide physical 32632M (15396M free)
TotalPageFile size 36728M (AvailPageFile size 1M)
current process WorkingSet (physical memory assigned to process): 464M, peak: 464M
current process commit charge ("private bytes"): 824M, peak: 826M

vm_info: OpenJDK 64-Bit Server VM (21.0.3+9-LTS) for windows-amd64 JRE (21.0.3+9-LTS), built on 2024-04-10T01:25:38Z by "MicrosoftCorporation" with MS VC++ 16.10 / 16.11 (VS2019)

END.
