#
# There is insufficient memory for the Java Runtime Environment to continue.
# Native memory allocation (malloc) failed to allocate 947776 bytes. Error detail: Chunk::new
# Possible reasons:
#   The system is out of physical RAM or swap space
#   This process is running with CompressedOops enabled, and the Java Heap may be blocking the growth of the native heap
# Possible solutions:
#   Reduce memory load on the system
#   Increase physical memory or swap space
#   Check if swap backing store is full
#   Decrease Java heap size (-Xmx/-Xms)
#   Decrease number of Java threads
#   Decrease Java thread stack sizes (-Xss)
#   Set larger code cache with -XX:ReservedCodeCacheSize=
#   JVM is running with Zero Based Compressed Oops mode in which the Java heap is
#     placed in the first 32GB address space. The Java Heap base address is the
#     maximum limit for the native heap growth. Please use -XX:HeapBaseMinAddress
#     to set the Java Heap base and to place the Java Heap above 32GB virtual address.
# This output file may be truncated or incomplete.
#
#  Out of Memory Error (arena.cpp:168), pid=12584, tid=7532
#
# JRE version: OpenJDK Runtime Environment Microsoft-9388422 (21.0.3+9) (build 21.0.3+9-LTS)
# Java VM: OpenJDK 64-Bit Server VM Microsoft-9388422 (21.0.3+9-LTS, mixed mode, sharing, tiered, compressed oops, compressed class ptrs, g1 gc, windows-amd64)
# No core dump will be written. Minidumps are not enabled by default on client versions of Windows
#

---------------  S U M M A R Y ------------

Command Line: -Dfile.encoding=UTF-8 -Dstdout.encoding=UTF-8 -Dstderr.encoding=UTF-8 -XX:+ShowCodeDetailsInExceptionMessages Main

Host: AMD Ryzen 7 5700G with Radeon Graphics         , 16 cores, 31G,  Windows 10 , 64 bit Build 19041 (10.0.19041.5915)
Time: Sat Dec  6 09:17:52 2025 RTZ 6 (s 10 , 64 bit Build 19041 (10.0.19041.5915) elapsed time: 2775.745819 seconds (0d 0h 46m 15s)

---------------  T H R E A D  ---------------

Current thread (0x0000026872132a30):  JavaThread "C2 CompilerThread0" daemon [_thread_in_native, id=7532, stack(0x000000c03e900000,0x000000c03ea00000) (1024K)]


Current CompileTask:
C2:2775745 3859   !   4       Form1::Rasclad (674 bytes)

Stack: [0x000000c03e900000,0x000000c03ea00000]
Native frames: (J=compiled Java code, j=interpreted, Vv=VM code, C=native code)
V  [jvm.dll+0x6d8019]
V  [jvm.dll+0x8b3993]
V  [jvm.dll+0x8b5cee]
V  [jvm.dll+0x8b63d3]
V  [jvm.dll+0x285436]
V  [jvm.dll+0xc5fed]
V  [jvm.dll+0xc6523]
V  [jvm.dll+0x3be73b]
V  [jvm.dll+0x1e4794]
V  [jvm.dll+0x24d9c4]
V  [jvm.dll+0x24ce41]
V  [jvm.dll+0x1cbe2a]
V  [jvm.dll+0x25c4b9]
V  [jvm.dll+0x25a8ab]
V  [jvm.dll+0x3f8da6]
V  [jvm.dll+0x85ca28]
V  [jvm.dll+0x6d685d]
C  [ucrtbase.dll+0x21bb2]
C  [KERNEL32.DLL+0x17374]
C  [ntdll.dll+0x4cc91]


---------------  P R O C E S S  ---------------

Threads class SMR info:
_java_thread_list=0x000002687226c6e0, length=18, elements={
0x00000268721152b0, 0x00000268721160d0, 0x000002687211afc0, 0x000002687211ba20,
0x000002687211c480, 0x0000026872124ef0, 0x0000026872132a30, 0x0000026872137100,
0x00000268722a1450, 0x00000268722a00a0, 0x00000268722a2170, 0x00000268722a1ae0,
0x00000268722a2800, 0x00000268722a0730, 0x00000268734b8850, 0x00000268734bafb0,
0x00000268734b81c0, 0x00000268734be430
}

Java Threads: ( => current thread )
  0x00000268721152b0 JavaThread "Reference Handler"          daemon [_thread_blocked, id=12976, stack(0x000000c03e300000,0x000000c03e400000) (1024K)]
  0x00000268721160d0 JavaThread "Finalizer"                  daemon [_thread_blocked, id=12780, stack(0x000000c03e400000,0x000000c03e500000) (1024K)]
  0x000002687211afc0 JavaThread "Signal Dispatcher"          daemon [_thread_blocked, id=12816, stack(0x000000c03e500000,0x000000c03e600000) (1024K)]
  0x000002687211ba20 JavaThread "Attach Listener"            daemon [_thread_blocked, id=11784, stack(0x000000c03e600000,0x000000c03e700000) (1024K)]
  0x000002687211c480 JavaThread "Service Thread"             daemon [_thread_blocked, id=11592, stack(0x000000c03e700000,0x000000c03e800000) (1024K)]
  0x0000026872124ef0 JavaThread "Monitor Deflation Thread"   daemon [_thread_blocked, id=13184, stack(0x000000c03e800000,0x000000c03e900000) (1024K)]
=>0x0000026872132a30 JavaThread "C2 CompilerThread0"         daemon [_thread_in_native, id=7532, stack(0x000000c03e900000,0x000000c03ea00000) (1024K)]
  0x0000026872137100 JavaThread "C1 CompilerThread0"         daemon [_thread_blocked, id=14240, stack(0x000000c03ea00000,0x000000c03eb00000) (1024K)]
  0x00000268722a1450 JavaThread "Notification Thread"        daemon [_thread_blocked, id=12676, stack(0x000000c03ed00000,0x000000c03ee00000) (1024K)]
  0x00000268722a00a0 JavaThread "Common-Cleaner"             daemon [_thread_blocked, id=7212, stack(0x000000c03ee00000,0x000000c03ef00000) (1024K)]
  0x00000268722a2170 JavaThread "Java2D Disposer"            daemon [_thread_blocked, id=13000, stack(0x000000c03ef00000,0x000000c03f000000) (1024K)]
  0x00000268722a1ae0 JavaThread "AWT-Shutdown"                      [_thread_blocked, id=1644, stack(0x000000c03f000000,0x000000c03f100000) (1024K)]
  0x00000268722a2800 JavaThread "AWT-Windows"                daemon [_thread_in_native, id=10848, stack(0x000000c03f100000,0x000000c03f200000) (1024K)]
  0x00000268722a0730 JavaThread "AWT-EventQueue-0"                  [_thread_blocked, id=12936, stack(0x000000c03f500000,0x000000c03f600000) (1024K)]
  0x00000268734b8850 JavaThread "Swing-Shell"                daemon [_thread_blocked, id=7524, stack(0x000000c03f600000,0x000000c03f700000) (1024K)]
  0x00000268734bafb0 JavaThread "TimerQueue"                 daemon [_thread_blocked, id=13164, stack(0x000000c03fb00000,0x000000c03fc00000) (1024K)]
  0x00000268734b81c0 JavaThread "D3D Screen Updater"         daemon [_thread_blocked, id=7928, stack(0x000000c03fc00000,0x000000c03fd00000) (1024K)]
  0x00000268734be430 JavaThread "DestroyJavaVM"                     [_thread_blocked, id=10328, stack(0x000000c03db00000,0x000000c03dc00000) (1024K)]
Total: 18

Other Threads:
  0x000002686d8639d0 VMThread "VM Thread"                           [id=4908, stack(0x000000c03e200000,0x000000c03e300000) (1024K)]
  0x000002686d84cd10 WatcherThread "VM Periodic Task Thread"        [id=12000, stack(0x000000c03e100000,0x000000c03e200000) (1024K)]
  0x000002684910f280 WorkerThread "GC Thread#0"                     [id=14236, stack(0x000000c03dc00000,0x000000c03dd00000) (1024K)]
  0x000002687c1e3480 WorkerThread "GC Thread#1"                     [id=13524, stack(0x000000c03f400000,0x000000c03f500000) (1024K)]
  0x000002687c1e55e0 WorkerThread "GC Thread#2"                     [id=13352, stack(0x000000c03fe10000,0x000000c03ff10000) (1024K)]
  0x000002687c1e4b00 WorkerThread "GC Thread#3"                     [id=12600, stack(0x000000c03ff10000,0x000000c040010000) (1024K)]
  0x000002687c1e4ea0 WorkerThread "GC Thread#4"                     [id=5460, stack(0x000000c040010000,0x000000c040110000) (1024K)]
  0x000002687c1e3c80 WorkerThread "GC Thread#5"                     [id=11780, stack(0x000000c040110000,0x000000c040210000) (1024K)]
  0x000002687c1e5240 WorkerThread "GC Thread#6"                     [id=768, stack(0x000000c040210000,0x000000c040310000) (1024K)]
  0x000002687c1e4020 WorkerThread "GC Thread#7"                     [id=13128, stack(0x000000c040310000,0x000000c040410000) (1024K)]
  0x000002687c1e43c0 WorkerThread "GC Thread#8"                     [id=14060, stack(0x000000c040410000,0x000000c040510000) (1024K)]
  0x000002687c1e4760 WorkerThread "GC Thread#9"                     [id=14132, stack(0x000000c040510000,0x000000c040610000) (1024K)]
  0x000002687bf4aff0 WorkerThread "GC Thread#10"                    [id=12016, stack(0x000000c040610000,0x000000c040710000) (1024K)]
  0x000002687bf4d7d0 WorkerThread "GC Thread#11"                    [id=13368, stack(0x000000c040710000,0x000000c040810000) (1024K)]
  0x0000026849120ab0 ConcurrentGCThread "G1 Main Marker"            [id=1372, stack(0x000000c03dd00000,0x000000c03de00000) (1024K)]
  0x0000026849121dc0 WorkerThread "G1 Conc#0"                       [id=1516, stack(0x000000c03de00000,0x000000c03df00000) (1024K)]
  0x000002686d70c940 ConcurrentGCThread "G1 Refine#0"               [id=6304, stack(0x000000c03df00000,0x000000c03e000000) (1024K)]
  0x000002686d70d4b0 ConcurrentGCThread "G1 Service"                [id=14300, stack(0x000000c03e000000,0x000000c03e100000) (1024K)]
Total: 18

Threads with active compile tasks:
C2 CompilerThread0  2775755 3859   !   4       Form1::Rasclad (674 bytes)
Total: 1

VM state: not at safepoint (normal execution)

VM Mutex/Monitor currently owned by a thread: None

Heap address: 0x0000000602000000, size: 8160 MB, Compressed Oops mode: Zero based, Oop shift amount: 3

CDS archive(s) mapped at: [0x0000026800000000-0x0000026800c90000-0x0000026800c90000), size 13172736, SharedBaseAddress: 0x0000026800000000, ArchiveRelocationMode: 1.
Compressed class space mapped at: 0x0000026801000000-0x0000026841000000, reserved size: 1073741824
Narrow klass base: 0x0000026800000000, Narrow klass shift: 0, Narrow klass range: 0x100000000

GC Precious Log:
 CardTable entry size: 512
 Card Set container configuration: InlinePtr #cards 4 size 8 Array Of Cards #cards 32 size 80 Howl #buckets 8 coarsen threshold 7372 Howl Bitmap #cards 1024 size 144 coarsen threshold 921 Card regions per heap region 1 cards per card region 8192
 CPUs: 16 total, 16 available
 Memory: 32632M
 Large Page Support: Disabled
 NUMA Support: Disabled
 Compressed Oops: Enabled (Zero based)
 Heap Region Size: 4M
 Heap Min Capacity: 8M
 Heap Initial Capacity: 512M
 Heap Max Capacity: 8160M
 Pre-touch: Disabled
 Parallel Workers: 13
 Concurrent Workers: 3
 Concurrent Refinement Workers: 13
 Periodic GC: Disabled

Heap:
 garbage-first heap   total 524288K, used 70343K [0x0000000602000000, 0x0000000800000000)
  region size 4096K, 18 young (73728K), 1 survivors (4096K)
 Metaspace       used 16574K, committed 16896K, reserved 1114112K
  class space    used 1820K, committed 1984K, reserved 1048576K

Heap Regions: E=young(eden), S=young(survivor), O=old, HS=humongous(starts), HC=humongous(continues), CS=collection set, F=free, TAMS=top-at-mark-start, PB=parsable bottom
|   0|0x0000000602000000, 0x0000000602400000, 0x0000000602400000|100%| O|  |TAMS 0x0000000602000000| PB 0x0000000602000000| Untracked 
|   1|0x0000000602400000, 0x00000006024aca50, 0x0000000602800000| 16%| O|  |TAMS 0x0000000602400000| PB 0x0000000602400000| Untracked 
|   2|0x0000000602800000, 0x0000000602800000, 0x0000000602c00000|  0%| F|  |TAMS 0x0000000602800000| PB 0x0000000602800000| Untracked 
|   3|0x0000000602c00000, 0x0000000602c00000, 0x0000000603000000|  0%| F|  |TAMS 0x0000000602c00000| PB 0x0000000602c00000| Untracked 
|   4|0x0000000603000000, 0x0000000603000000, 0x0000000603400000|  0%| F|  |TAMS 0x0000000603000000| PB 0x0000000603000000| Untracked 
|   5|0x0000000603400000, 0x0000000603400000, 0x0000000603800000|  0%| F|  |TAMS 0x0000000603400000| PB 0x0000000603400000| Untracked 
|   6|0x0000000603800000, 0x0000000603800000, 0x0000000603c00000|  0%| F|  |TAMS 0x0000000603800000| PB 0x0000000603800000| Untracked 
|   7|0x0000000603c00000, 0x0000000603c00000, 0x0000000604000000|  0%| F|  |TAMS 0x0000000603c00000| PB 0x0000000603c00000| Untracked 
|   8|0x0000000604000000, 0x0000000604000000, 0x0000000604400000|  0%| F|  |TAMS 0x0000000604000000| PB 0x0000000604000000| Untracked 
|   9|0x0000000604400000, 0x0000000604400000, 0x0000000604800000|  0%| F|  |TAMS 0x0000000604400000| PB 0x0000000604400000| Untracked 
|  10|0x0000000604800000, 0x0000000604800000, 0x0000000604c00000|  0%| F|  |TAMS 0x0000000604800000| PB 0x0000000604800000| Untracked 
|  11|0x0000000604c00000, 0x0000000604c00000, 0x0000000605000000|  0%| F|  |TAMS 0x0000000604c00000| PB 0x0000000604c00000| Untracked 
|  12|0x0000000605000000, 0x0000000605000000, 0x0000000605400000|  0%| F|  |TAMS 0x0000000605000000| PB 0x0000000605000000| Untracked 
|  13|0x0000000605400000, 0x0000000605400000, 0x0000000605800000|  0%| F|  |TAMS 0x0000000605400000| PB 0x0000000605400000| Untracked 
|  14|0x0000000605800000, 0x0000000605800000, 0x0000000605c00000|  0%| F|  |TAMS 0x0000000605800000| PB 0x0000000605800000| Untracked 
|  15|0x0000000605c00000, 0x0000000605c00000, 0x0000000606000000|  0%| F|  |TAMS 0x0000000605c00000| PB 0x0000000605c00000| Untracked 
|  16|0x0000000606000000, 0x0000000606000000, 0x0000000606400000|  0%| F|  |TAMS 0x0000000606000000| PB 0x0000000606000000| Untracked 
|  17|0x0000000606400000, 0x0000000606400000, 0x0000000606800000|  0%| F|  |TAMS 0x0000000606400000| PB 0x0000000606400000| Untracked 
|  18|0x0000000606800000, 0x0000000606800000, 0x0000000606c00000|  0%| F|  |TAMS 0x0000000606800000| PB 0x0000000606800000| Untracked 
|  19|0x0000000606c00000, 0x0000000606c00000, 0x0000000607000000|  0%| F|  |TAMS 0x0000000606c00000| PB 0x0000000606c00000| Untracked 
|  20|0x0000000607000000, 0x0000000607000000, 0x0000000607400000|  0%| F|  |TAMS 0x0000000607000000| PB 0x0000000607000000| Untracked 
|  21|0x0000000607400000, 0x0000000607400000, 0x0000000607800000|  0%| F|  |TAMS 0x0000000607400000| PB 0x0000000607400000| Untracked 
|  22|0x0000000607800000, 0x0000000607800000, 0x0000000607c00000|  0%| F|  |TAMS 0x0000000607800000| PB 0x0000000607800000| Untracked 
|  23|0x0000000607c00000, 0x0000000607c00000, 0x0000000608000000|  0%| F|  |TAMS 0x0000000607c00000| PB 0x0000000607c00000| Untracked 
|  24|0x0000000608000000, 0x0000000608000000, 0x0000000608400000|  0%| F|  |TAMS 0x0000000608000000| PB 0x0000000608000000| Untracked 
|  25|0x0000000608400000, 0x0000000608400000, 0x0000000608800000|  0%| F|  |TAMS 0x0000000608400000| PB 0x0000000608400000| Untracked 
|  26|0x0000000608800000, 0x0000000608800000, 0x0000000608c00000|  0%| F|  |TAMS 0x0000000608800000| PB 0x0000000608800000| Untracked 
|  27|0x0000000608c00000, 0x0000000608c00000, 0x0000000609000000|  0%| F|  |TAMS 0x0000000608c00000| PB 0x0000000608c00000| Untracked 
|  28|0x0000000609000000, 0x0000000609000000, 0x0000000609400000|  0%| F|  |TAMS 0x0000000609000000| PB 0x0000000609000000| Untracked 
|  29|0x0000000609400000, 0x0000000609400000, 0x0000000609800000|  0%| F|  |TAMS 0x0000000609400000| PB 0x0000000609400000| Untracked 
|  30|0x0000000609800000, 0x0000000609800000, 0x0000000609c00000|  0%| F|  |TAMS 0x0000000609800000| PB 0x0000000609800000| Untracked 
|  31|0x0000000609c00000, 0x0000000609c00000, 0x000000060a000000|  0%| F|  |TAMS 0x0000000609c00000| PB 0x0000000609c00000| Untracked 
|  32|0x000000060a000000, 0x000000060a000000, 0x000000060a400000|  0%| F|  |TAMS 0x000000060a000000| PB 0x000000060a000000| Untracked 
|  33|0x000000060a400000, 0x000000060a400000, 0x000000060a800000|  0%| F|  |TAMS 0x000000060a400000| PB 0x000000060a400000| Untracked 
|  34|0x000000060a800000, 0x000000060a800000, 0x000000060ac00000|  0%| F|  |TAMS 0x000000060a800000| PB 0x000000060a800000| Untracked 
|  35|0x000000060ac00000, 0x000000060ac00000, 0x000000060b000000|  0%| F|  |TAMS 0x000000060ac00000| PB 0x000000060ac00000| Untracked 
|  36|0x000000060b000000, 0x000000060b000000, 0x000000060b400000|  0%| F|  |TAMS 0x000000060b000000| PB 0x000000060b000000| Untracked 
|  37|0x000000060b400000, 0x000000060b400000, 0x000000060b800000|  0%| F|  |TAMS 0x000000060b400000| PB 0x000000060b400000| Untracked 
|  38|0x000000060b800000, 0x000000060b800000, 0x000000060bc00000|  0%| F|  |TAMS 0x000000060b800000| PB 0x000000060b800000| Untracked 
|  39|0x000000060bc00000, 0x000000060bc00000, 0x000000060c000000|  0%| F|  |TAMS 0x000000060bc00000| PB 0x000000060bc00000| Untracked 
|  40|0x000000060c000000, 0x000000060c000000, 0x000000060c400000|  0%| F|  |TAMS 0x000000060c000000| PB 0x000000060c000000| Untracked 
|  41|0x000000060c400000, 0x000000060c400000, 0x000000060c800000|  0%| F|  |TAMS 0x000000060c400000| PB 0x000000060c400000| Untracked 
|  42|0x000000060c800000, 0x000000060c800000, 0x000000060cc00000|  0%| F|  |TAMS 0x000000060c800000| PB 0x000000060c800000| Untracked 
|  43|0x000000060cc00000, 0x000000060cc00000, 0x000000060d000000|  0%| F|  |TAMS 0x000000060cc00000| PB 0x000000060cc00000| Untracked 
|  44|0x000000060d000000, 0x000000060d000000, 0x000000060d400000|  0%| F|  |TAMS 0x000000060d000000| PB 0x000000060d000000| Untracked 
|  45|0x000000060d400000, 0x000000060d400000, 0x000000060d800000|  0%| F|  |TAMS 0x000000060d400000| PB 0x000000060d400000| Untracked 
|  46|0x000000060d800000, 0x000000060d800000, 0x000000060dc00000|  0%| F|  |TAMS 0x000000060d800000| PB 0x000000060d800000| Untracked 
|  47|0x000000060dc00000, 0x000000060dc00000, 0x000000060e000000|  0%| F|  |TAMS 0x000000060dc00000| PB 0x000000060dc00000| Untracked 
|  48|0x000000060e000000, 0x000000060e000000, 0x000000060e400000|  0%| F|  |TAMS 0x000000060e000000| PB 0x000000060e000000| Untracked 
|  49|0x000000060e400000, 0x000000060e400000, 0x000000060e800000|  0%| F|  |TAMS 0x000000060e400000| PB 0x000000060e400000| Untracked 
|  50|0x000000060e800000, 0x000000060e800000, 0x000000060ec00000|  0%| F|  |TAMS 0x000000060e800000| PB 0x000000060e800000| Untracked 
|  51|0x000000060ec00000, 0x000000060ec05478, 0x000000060f000000|  0%| S|CS|TAMS 0x000000060ec00000| PB 0x000000060ec00000| Complete 
|  52|0x000000060f000000, 0x000000060f000000, 0x000000060f400000|  0%| F|  |TAMS 0x000000060f000000| PB 0x000000060f000000| Untracked 
|  53|0x000000060f400000, 0x000000060f400000, 0x000000060f800000|  0%| F|  |TAMS 0x000000060f400000| PB 0x000000060f400000| Untracked 
|  54|0x000000060f800000, 0x000000060f800000, 0x000000060fc00000|  0%| F|  |TAMS 0x000000060f800000| PB 0x000000060f800000| Untracked 
|  55|0x000000060fc00000, 0x000000060fc00000, 0x0000000610000000|  0%| F|  |TAMS 0x000000060fc00000| PB 0x000000060fc00000| Untracked 
|  56|0x0000000610000000, 0x0000000610000000, 0x0000000610400000|  0%| F|  |TAMS 0x0000000610000000| PB 0x0000000610000000| Untracked 
|  57|0x0000000610400000, 0x0000000610400000, 0x0000000610800000|  0%| F|  |TAMS 0x0000000610400000| PB 0x0000000610400000| Untracked 
|  58|0x0000000610800000, 0x0000000610800000, 0x0000000610c00000|  0%| F|  |TAMS 0x0000000610800000| PB 0x0000000610800000| Untracked 
|  59|0x0000000610c00000, 0x0000000610c00000, 0x0000000611000000|  0%| F|  |TAMS 0x0000000610c00000| PB 0x0000000610c00000| Untracked 
|  60|0x0000000611000000, 0x0000000611000000, 0x0000000611400000|  0%| F|  |TAMS 0x0000000611000000| PB 0x0000000611000000| Untracked 
|  61|0x0000000611400000, 0x0000000611400000, 0x0000000611800000|  0%| F|  |TAMS 0x0000000611400000| PB 0x0000000611400000| Untracked 
|  62|0x0000000611800000, 0x0000000611800000, 0x0000000611c00000|  0%| F|  |TAMS 0x0000000611800000| PB 0x0000000611800000| Untracked 
|  63|0x0000000611c00000, 0x0000000611c00000, 0x0000000612000000|  0%| F|  |TAMS 0x0000000611c00000| PB 0x0000000611c00000| Untracked 
|  64|0x0000000612000000, 0x0000000612000000, 0x0000000612400000|  0%| F|  |TAMS 0x0000000612000000| PB 0x0000000612000000| Untracked 
|  65|0x0000000612400000, 0x0000000612400000, 0x0000000612800000|  0%| F|  |TAMS 0x0000000612400000| PB 0x0000000612400000| Untracked 
|  66|0x0000000612800000, 0x0000000612800000, 0x0000000612c00000|  0%| F|  |TAMS 0x0000000612800000| PB 0x0000000612800000| Untracked 
|  67|0x0000000612c00000, 0x0000000612c00000, 0x0000000613000000|  0%| F|  |TAMS 0x0000000612c00000| PB 0x0000000612c00000| Untracked 
|  68|0x0000000613000000, 0x0000000613000000, 0x0000000613400000|  0%| F|  |TAMS 0x0000000613000000| PB 0x0000000613000000| Untracked 
|  69|0x0000000613400000, 0x0000000613400000, 0x0000000613800000|  0%| F|  |TAMS 0x0000000613400000| PB 0x0000000613400000| Untracked 
|  70|0x0000000613800000, 0x0000000613800000, 0x0000000613c00000|  0%| F|  |TAMS 0x0000000613800000| PB 0x0000000613800000| Untracked 
|  71|0x0000000613c00000, 0x0000000613c00000, 0x0000000614000000|  0%| F|  |TAMS 0x0000000613c00000| PB 0x0000000613c00000| Untracked 
|  72|0x0000000614000000, 0x0000000614000000, 0x0000000614400000|  0%| F|  |TAMS 0x0000000614000000| PB 0x0000000614000000| Untracked 
|  73|0x0000000614400000, 0x0000000614400000, 0x0000000614800000|  0%| F|  |TAMS 0x0000000614400000| PB 0x0000000614400000| Untracked 
|  74|0x0000000614800000, 0x0000000614800000, 0x0000000614c00000|  0%| F|  |TAMS 0x0000000614800000| PB 0x0000000614800000| Untracked 
|  75|0x0000000614c00000, 0x0000000614c00000, 0x0000000615000000|  0%| F|  |TAMS 0x0000000614c00000| PB 0x0000000614c00000| Untracked 
|  76|0x0000000615000000, 0x0000000615000000, 0x0000000615400000|  0%| F|  |TAMS 0x0000000615000000| PB 0x0000000615000000| Untracked 
|  77|0x0000000615400000, 0x0000000615400000, 0x0000000615800000|  0%| F|  |TAMS 0x0000000615400000| PB 0x0000000615400000| Untracked 
|  78|0x0000000615800000, 0x0000000615800000, 0x0000000615c00000|  0%| F|  |TAMS 0x0000000615800000| PB 0x0000000615800000| Untracked 
|  79|0x0000000615c00000, 0x0000000615c00000, 0x0000000616000000|  0%| F|  |TAMS 0x0000000615c00000| PB 0x0000000615c00000| Untracked 
|  80|0x0000000616000000, 0x0000000616000000, 0x0000000616400000|  0%| F|  |TAMS 0x0000000616000000| PB 0x0000000616000000| Untracked 
|  81|0x0000000616400000, 0x0000000616400000, 0x0000000616800000|  0%| F|  |TAMS 0x0000000616400000| PB 0x0000000616400000| Untracked 
|  82|0x0000000616800000, 0x0000000616800000, 0x0000000616c00000|  0%| F|  |TAMS 0x0000000616800000| PB 0x0000000616800000| Untracked 
|  83|0x0000000616c00000, 0x0000000616c00000, 0x0000000617000000|  0%| F|  |TAMS 0x0000000616c00000| PB 0x0000000616c00000| Untracked 
|  84|0x0000000617000000, 0x0000000617000000, 0x0000000617400000|  0%| F|  |TAMS 0x0000000617000000| PB 0x0000000617000000| Untracked 
|  85|0x0000000617400000, 0x0000000617400000, 0x0000000617800000|  0%| F|  |TAMS 0x0000000617400000| PB 0x0000000617400000| Untracked 
|  86|0x0000000617800000, 0x0000000617800000, 0x0000000617c00000|  0%| F|  |TAMS 0x0000000617800000| PB 0x0000000617800000| Untracked 
|  87|0x0000000617c00000, 0x0000000617c00000, 0x0000000618000000|  0%| F|  |TAMS 0x0000000617c00000| PB 0x0000000617c00000| Untracked 
|  88|0x0000000618000000, 0x0000000618000000, 0x0000000618400000|  0%| F|  |TAMS 0x0000000618000000| PB 0x0000000618000000| Untracked 
|  89|0x0000000618400000, 0x0000000618400000, 0x0000000618800000|  0%| F|  |TAMS 0x0000000618400000| PB 0x0000000618400000| Untracked 
|  90|0x0000000618800000, 0x0000000618800000, 0x0000000618c00000|  0%| F|  |TAMS 0x0000000618800000| PB 0x0000000618800000| Untracked 
|  91|0x0000000618c00000, 0x0000000618c00000, 0x0000000619000000|  0%| F|  |TAMS 0x0000000618c00000| PB 0x0000000618c00000| Untracked 
|  92|0x0000000619000000, 0x0000000619000000, 0x0000000619400000|  0%| F|  |TAMS 0x0000000619000000| PB 0x0000000619000000| Untracked 
|  93|0x0000000619400000, 0x0000000619400000, 0x0000000619800000|  0%| F|  |TAMS 0x0000000619400000| PB 0x0000000619400000| Untracked 
|  94|0x0000000619800000, 0x0000000619800000, 0x0000000619c00000|  0%| F|  |TAMS 0x0000000619800000| PB 0x0000000619800000| Untracked 
|  95|0x0000000619c00000, 0x0000000619c00000, 0x000000061a000000|  0%| F|  |TAMS 0x0000000619c00000| PB 0x0000000619c00000| Untracked 
|  96|0x000000061a000000, 0x000000061a000000, 0x000000061a400000|  0%| F|  |TAMS 0x000000061a000000| PB 0x000000061a000000| Untracked 
|  97|0x000000061a400000, 0x000000061a400000, 0x000000061a800000|  0%| F|  |TAMS 0x000000061a400000| PB 0x000000061a400000| Untracked 
|  98|0x000000061a800000, 0x000000061a800000, 0x000000061ac00000|  0%| F|  |TAMS 0x000000061a800000| PB 0x000000061a800000| Untracked 
|  99|0x000000061ac00000, 0x000000061ac00000, 0x000000061b000000|  0%| F|  |TAMS 0x000000061ac00000| PB 0x000000061ac00000| Untracked 
| 100|0x000000061b000000, 0x000000061b000000, 0x000000061b400000|  0%| F|  |TAMS 0x000000061b000000| PB 0x000000061b000000| Untracked 
| 101|0x000000061b400000, 0x000000061b400000, 0x000000061b800000|  0%| F|  |TAMS 0x000000061b400000| PB 0x000000061b400000| Untracked 
| 102|0x000000061b800000, 0x000000061b800000, 0x000000061bc00000|  0%| F|  |TAMS 0x000000061b800000| PB 0x000000061b800000| Untracked 
| 103|0x000000061bc00000, 0x000000061bc00000, 0x000000061c000000|  0%| F|  |TAMS 0x000000061bc00000| PB 0x000000061bc00000| Untracked 
| 104|0x000000061c000000, 0x000000061c000000, 0x000000061c400000|  0%| F|  |TAMS 0x000000061c000000| PB 0x000000061c000000| Untracked 
| 105|0x000000061c400000, 0x000000061c400000, 0x000000061c800000|  0%| F|  |TAMS 0x000000061c400000| PB 0x000000061c400000| Untracked 
| 106|0x000000061c800000, 0x000000061c800000, 0x000000061cc00000|  0%| F|  |TAMS 0x000000061c800000| PB 0x000000061c800000| Untracked 
| 107|0x000000061cc00000, 0x000000061cc00000, 0x000000061d000000|  0%| F|  |TAMS 0x000000061cc00000| PB 0x000000061cc00000| Untracked 
| 108|0x000000061d000000, 0x000000061d000000, 0x000000061d400000|  0%| F|  |TAMS 0x000000061d000000| PB 0x000000061d000000| Untracked 
| 109|0x000000061d400000, 0x000000061d400000, 0x000000061d800000|  0%| F|  |TAMS 0x000000061d400000| PB 0x000000061d400000| Untracked 
| 110|0x000000061d800000, 0x000000061d800000, 0x000000061dc00000|  0%| F|  |TAMS 0x000000061d800000| PB 0x000000061d800000| Untracked 
| 111|0x000000061dc00000, 0x000000061de047e0, 0x000000061e000000| 50%| E|  |TAMS 0x000000061dc00000| PB 0x000000061dc00000| Complete 
| 112|0x000000061e000000, 0x000000061e400000, 0x000000061e400000|100%| E|CS|TAMS 0x000000061e000000| PB 0x000000061e000000| Complete 
| 113|0x000000061e400000, 0x000000061e800000, 0x000000061e800000|100%| E|CS|TAMS 0x000000061e400000| PB 0x000000061e400000| Complete 
| 114|0x000000061e800000, 0x000000061ec00000, 0x000000061ec00000|100%| E|CS|TAMS 0x000000061e800000| PB 0x000000061e800000| Complete 
| 115|0x000000061ec00000, 0x000000061f000000, 0x000000061f000000|100%| E|CS|TAMS 0x000000061ec00000| PB 0x000000061ec00000| Complete 
| 116|0x000000061f000000, 0x000000061f400000, 0x000000061f400000|100%| E|CS|TAMS 0x000000061f000000| PB 0x000000061f000000| Complete 
| 117|0x000000061f400000, 0x000000061f800000, 0x000000061f800000|100%| E|CS|TAMS 0x000000061f400000| PB 0x000000061f400000| Complete 
| 118|0x000000061f800000, 0x000000061fc00000, 0x000000061fc00000|100%| E|CS|TAMS 0x000000061f800000| PB 0x000000061f800000| Complete 
| 119|0x000000061fc00000, 0x0000000620000000, 0x0000000620000000|100%| E|CS|TAMS 0x000000061fc00000| PB 0x000000061fc00000| Complete 
| 120|0x0000000620000000, 0x0000000620400000, 0x0000000620400000|100%| E|CS|TAMS 0x0000000620000000| PB 0x0000000620000000| Complete 
| 121|0x0000000620400000, 0x0000000620800000, 0x0000000620800000|100%| E|CS|TAMS 0x0000000620400000| PB 0x0000000620400000| Complete 
| 122|0x0000000620800000, 0x0000000620c00000, 0x0000000620c00000|100%| E|CS|TAMS 0x0000000620800000| PB 0x0000000620800000| Complete 
| 123|0x0000000620c00000, 0x0000000621000000, 0x0000000621000000|100%| E|CS|TAMS 0x0000000620c00000| PB 0x0000000620c00000| Complete 
| 124|0x0000000621000000, 0x0000000621400000, 0x0000000621400000|100%| E|CS|TAMS 0x0000000621000000| PB 0x0000000621000000| Complete 
| 125|0x0000000621400000, 0x0000000621800000, 0x0000000621800000|100%| E|CS|TAMS 0x0000000621400000| PB 0x0000000621400000| Complete 
| 126|0x0000000621800000, 0x0000000621c00000, 0x0000000621c00000|100%| E|CS|TAMS 0x0000000621800000| PB 0x0000000621800000| Complete 
| 127|0x0000000621c00000, 0x0000000622000000, 0x0000000622000000|100%| E|CS|TAMS 0x0000000621c00000| PB 0x0000000621c00000| Complete 

Card table byte_map: [0x0000026861fe0000,0x0000026862fd0000] _byte_map_base: 0x000002685efd0000

Marking Bits: (CMBitMap*) 0x000002684910f980
 Bits: [0x0000026862fd0000, 0x000002686af50000)

Polling page: 0x0000026847080000

Metaspace:

Usage:
  Non-class:     14.41 MB used.
      Class:      1.78 MB used.
       Both:     16.19 MB used.

Virtual space:
  Non-class space:       64.00 MB reserved,      14.56 MB ( 23%) committed,  1 nodes.
      Class space:        1.00 GB reserved,       1.94 MB ( <1%) committed,  1 nodes.
             Both:        1.06 GB reserved,      16.50 MB (  2%) committed. 

Chunk freelists:
   Non-Class:  1010.00 KB
       Class:  14.04 MB
        Both:  15.03 MB

MaxMetaspaceSize: unlimited
CompressedClassSpaceSize: 1.00 GB
Initial GC threshold: 21.00 MB
Current GC threshold: 21.00 MB
CDS: on
 - commit_granule_bytes: 65536.
 - commit_granule_words: 8192.
 - virtual_space_node_default_size: 8388608.
 - enlarge_chunks_in_place: 1.
 - use_allocation_guard: 0.


Internal statistics:

num_allocs_failed_limit: 0.
num_arena_births: 252.
num_arena_deaths: 0.
num_vsnodes_births: 2.
num_vsnodes_deaths: 0.
num_space_committed: 264.
num_space_uncommitted: 0.
num_chunks_returned_to_freelist: 0.
num_chunks_taken_from_freelist: 381.
num_chunk_merges: 0.
num_chunk_splits: 205.
num_chunks_enlarged: 62.
num_inconsistent_stats: 0.

CodeHeap 'non-profiled nmethods': size=119168Kb used=2260Kb max_used=2260Kb free=116908Kb
 bounds [0x0000026859300000, 0x0000026859570000, 0x0000026860760000]
CodeHeap 'profiled nmethods': size=119104Kb used=7478Kb max_used=7478Kb free=111625Kb
 bounds [0x0000026851760000, 0x0000026851eb0000, 0x0000026858bb0000]
CodeHeap 'non-nmethods': size=7488Kb used=1692Kb max_used=3382Kb free=5795Kb
 bounds [0x0000026858bb0000, 0x0000026858f10000, 0x0000026859300000]
 total_blobs=4589 nmethods=3858 adapters=632
 compilation: enabled
              stopped_count=0, restarted_count=0
 full_count=0

Compilation events (20 events):
Event: 2768.287 Thread 0x000002687325e5b0 3851       3       sun.util.locale.LanguageTag::parsePrivateuse (144 bytes)
Event: 2768.287 Thread 0x000002687325ca50 nmethod 3849 0x0000026851e96b10 code [0x0000026851e96d40, 0x0000026851e97518]
Event: 2768.287 Thread 0x000002687325ca50 3852       3       sun.util.locale.InternalLocaleBuilder::setLanguageTag (173 bytes)
Event: 2768.288 Thread 0x0000026872137100 nmethod 3848 0x0000026851e97790 code [0x0000026851e97aa0, 0x0000026851e98df0]
Event: 2768.288 Thread 0x0000026872137100 3853       3       sun.util.locale.InternalLocaleBuilder::clear (31 bytes)
Event: 2768.288 Thread 0x0000026872137100 nmethod 3853 0x0000026851e99490 code [0x0000026851e99660, 0x0000026851e99988]
Event: 2768.288 Thread 0x000002687325e5b0 nmethod 3851 0x0000026851e99a10 code [0x0000026851e99d00, 0x0000026851e9ac30]
Event: 2768.288 Thread 0x0000026872137100 3854       3       sun.util.locale.LanguageTag::getExtlangs (24 bytes)
Event: 2768.288 Thread 0x00000268724378a0 nmethod 3850 0x0000026851e9b190 code [0x0000026851e9b560, 0x0000026851e9ccd0]
Event: 2768.288 Thread 0x000002687325ca50 nmethod 3852 0x0000026851e9d590 code [0x0000026851e9d9a0, 0x0000026851e9f568]
Event: 2768.288 Thread 0x000002687325e5b0 3855       3       sun.util.locale.InternalLocaleBuilder::setExtensions (202 bytes)
Event: 2768.288 Thread 0x00000268724378a0 3856       3       sun.util.locale.LocaleUtils::isEmpty (19 bytes)
Event: 2768.288 Thread 0x0000026872137100 nmethod 3854 0x0000026851e9fc90 code [0x0000026851e9fe60, 0x0000026851ea0148]
Event: 2768.288 Thread 0x000002687325ca50 3857       3       sun.util.locale.InternalLocaleBuilder::getBaseLocale (187 bytes)
Event: 2768.288 Thread 0x00000268724378a0 nmethod 3856 0x0000026851ea0290 code [0x0000026851ea0440, 0x0000026851ea0678]
Event: 2768.289 Thread 0x000002687325ca50 nmethod 3857 0x0000026851ea0710 code [0x0000026851ea0a40, 0x0000026851ea1a20]
Event: 2768.289 Thread 0x000002687325e5b0 nmethod 3855 0x0000026851ea2090 code [0x0000026851ea25a0, 0x0000026851ea4ef8]
Event: 2768.446 Thread 0x000002687325ca50 3858   !   3       Form1::Rasclad (674 bytes)
Event: 2768.449 Thread 0x000002687325ca50 nmethod 3858 0x0000026851ea5d10 code [0x0000026851ea66c0, 0x0000026851eabc68]
Event: 2775.546 Thread 0x0000026872132a30 3859   !   4       Form1::Rasclad (674 bytes)

GC Heap History (20 events):
Event: 2357.694 GC heap before
{Heap before GC invocations=54 (full 0):
 garbage-first heap   total 524288K, used 312011K [0x0000000602000000, 0x0000000800000000)
  region size 4096K, 76 young (311296K), 1 survivors (4096K)
 Metaspace       used 16542K, committed 16896K, reserved 1114112K
  class space    used 1820K, committed 1984K, reserved 1048576K
}
Event: 2357.694 GC heap after
{Heap after GC invocations=55 (full 0):
 garbage-first heap   total 524288K, used 4806K [0x0000000602000000, 0x0000000800000000)
  region size 4096K, 1 young (4096K), 1 survivors (4096K)
 Metaspace       used 16542K, committed 16896K, reserved 1114112K
  class space    used 1820K, committed 1984K, reserved 1048576K
}
Event: 2402.896 GC heap before
{Heap before GC invocations=55 (full 0):
 garbage-first heap   total 524288K, used 312006K [0x0000000602000000, 0x0000000800000000)
  region size 4096K, 76 young (311296K), 1 survivors (4096K)
 Metaspace       used 16542K, committed 16896K, reserved 1114112K
  class space    used 1820K, committed 1984K, reserved 1048576K
}
Event: 2402.896 GC heap after
{Heap after GC invocations=56 (full 0):
 garbage-first heap   total 524288K, used 4810K [0x0000000602000000, 0x0000000800000000)
  region size 4096K, 1 young (4096K), 1 survivors (4096K)
 Metaspace       used 16542K, committed 16896K, reserved 1114112K
  class space    used 1820K, committed 1984K, reserved 1048576K
}
Event: 2448.253 GC heap before
{Heap before GC invocations=56 (full 0):
 garbage-first heap   total 524288K, used 312010K [0x0000000602000000, 0x0000000800000000)
  region size 4096K, 76 young (311296K), 1 survivors (4096K)
 Metaspace       used 16542K, committed 16896K, reserved 1114112K
  class space    used 1820K, committed 1984K, reserved 1048576K
}
Event: 2448.253 GC heap after
{Heap after GC invocations=57 (full 0):
 garbage-first heap   total 524288K, used 4807K [0x0000000602000000, 0x0000000800000000)
  region size 4096K, 1 young (4096K), 1 survivors (4096K)
 Metaspace       used 16542K, committed 16896K, reserved 1114112K
  class space    used 1820K, committed 1984K, reserved 1048576K
}
Event: 2493.409 GC heap before
{Heap before GC invocations=57 (full 0):
 garbage-first heap   total 524288K, used 312007K [0x0000000602000000, 0x0000000800000000)
  region size 4096K, 76 young (311296K), 1 survivors (4096K)
 Metaspace       used 16542K, committed 16896K, reserved 1114112K
  class space    used 1820K, committed 1984K, reserved 1048576K
}
Event: 2493.409 GC heap after
{Heap after GC invocations=58 (full 0):
 garbage-first heap   total 524288K, used 4810K [0x0000000602000000, 0x0000000800000000)
  region size 4096K, 1 young (4096K), 1 survivors (4096K)
 Metaspace       used 16542K, committed 16896K, reserved 1114112K
  class space    used 1820K, committed 1984K, reserved 1048576K
}
Event: 2538.486 GC heap before
{Heap before GC invocations=58 (full 0):
 garbage-first heap   total 524288K, used 312010K [0x0000000602000000, 0x0000000800000000)
  region size 4096K, 76 young (311296K), 1 survivors (4096K)
 Metaspace       used 16542K, committed 16896K, reserved 1114112K
  class space    used 1820K, committed 1984K, reserved 1048576K
}
Event: 2538.486 GC heap after
{Heap after GC invocations=59 (full 0):
 garbage-first heap   total 524288K, used 4810K [0x0000000602000000, 0x0000000800000000)
  region size 4096K, 1 young (4096K), 1 survivors (4096K)
 Metaspace       used 16542K, committed 16896K, reserved 1114112K
  class space    used 1820K, committed 1984K, reserved 1048576K
}
Event: 2583.235 GC heap before
{Heap before GC invocations=59 (full 0):
 garbage-first heap   total 524288K, used 312010K [0x0000000602000000, 0x0000000800000000)
  region size 4096K, 76 young (311296K), 1 survivors (4096K)
 Metaspace       used 16542K, committed 16896K, reserved 1114112K
  class space    used 1820K, committed 1984K, reserved 1048576K
}
Event: 2583.236 GC heap after
{Heap after GC invocations=60 (full 0):
 garbage-first heap   total 524288K, used 4808K [0x0000000602000000, 0x0000000800000000)
  region size 4096K, 1 young (4096K), 1 survivors (4096K)
 Metaspace       used 16542K, committed 16896K, reserved 1114112K
  class space    used 1820K, committed 1984K, reserved 1048576K
}
Event: 2628.368 GC heap before
{Heap before GC invocations=60 (full 0):
 garbage-first heap   total 524288K, used 312008K [0x0000000602000000, 0x0000000800000000)
  region size 4096K, 76 young (311296K), 1 survivors (4096K)
 Metaspace       used 16542K, committed 16896K, reserved 1114112K
  class space    used 1820K, committed 1984K, reserved 1048576K
}
Event: 2628.368 GC heap after
{Heap after GC invocations=61 (full 0):
 garbage-first heap   total 524288K, used 4810K [0x0000000602000000, 0x0000000800000000)
  region size 4096K, 1 young (4096K), 1 survivors (4096K)
 Metaspace       used 16542K, committed 16896K, reserved 1114112K
  class space    used 1820K, committed 1984K, reserved 1048576K
}
Event: 2673.555 GC heap before
{Heap before GC invocations=61 (full 0):
 garbage-first heap   total 524288K, used 312010K [0x0000000602000000, 0x0000000800000000)
  region size 4096K, 76 young (311296K), 1 survivors (4096K)
 Metaspace       used 16542K, committed 16896K, reserved 1114112K
  class space    used 1820K, committed 1984K, reserved 1048576K
}
Event: 2673.556 GC heap after
{Heap after GC invocations=62 (full 0):
 garbage-first heap   total 524288K, used 4809K [0x0000000602000000, 0x0000000800000000)
  region size 4096K, 1 young (4096K), 1 survivors (4096K)
 Metaspace       used 16542K, committed 16896K, reserved 1114112K
  class space    used 1820K, committed 1984K, reserved 1048576K
}
Event: 2718.619 GC heap before
{Heap before GC invocations=62 (full 0):
 garbage-first heap   total 524288K, used 312009K [0x0000000602000000, 0x0000000800000000)
  region size 4096K, 76 young (311296K), 1 survivors (4096K)
 Metaspace       used 16542K, committed 16896K, reserved 1114112K
  class space    used 1820K, committed 1984K, reserved 1048576K
}
Event: 2718.619 GC heap after
{Heap after GC invocations=63 (full 0):
 garbage-first heap   total 524288K, used 4806K [0x0000000602000000, 0x0000000800000000)
  region size 4096K, 1 young (4096K), 1 survivors (4096K)
 Metaspace       used 16542K, committed 16896K, reserved 1114112K
  class space    used 1820K, committed 1984K, reserved 1048576K
}
Event: 2763.511 GC heap before
{Heap before GC invocations=63 (full 0):
 garbage-first heap   total 524288K, used 312006K [0x0000000602000000, 0x0000000800000000)
  region size 4096K, 76 young (311296K), 1 survivors (4096K)
 Metaspace       used 16543K, committed 16896K, reserved 1114112K
  class space    used 1820K, committed 1984K, reserved 1048576K
}
Event: 2763.511 GC heap after
{Heap after GC invocations=64 (full 0):
 garbage-first heap   total 524288K, used 4807K [0x0000000602000000, 0x0000000800000000)
  region size 4096K, 1 young (4096K), 1 survivors (4096K)
 Metaspace       used 16543K, committed 16896K, reserved 1114112K
  class space    used 1820K, committed 1984K, reserved 1048576K
}

Dll operation events (9 events):
Event: 0.004 Loaded shared library C:\Program Files\Microsoft\jdk-21.0.3.9-hotspot\bin\java.dll
Event: 0.026 Loaded shared library C:\Program Files\Microsoft\jdk-21.0.3.9-hotspot\bin\jsvml.dll
Event: 0.051 Loaded shared library C:\Program Files\Microsoft\jdk-21.0.3.9-hotspot\bin\jimage.dll
Event: 0.063 Loaded shared library C:\Program Files\Microsoft\jdk-21.0.3.9-hotspot\bin\awt.dll
Event: 0.300 Loaded shared library C:\Program Files\Microsoft\jdk-21.0.3.9-hotspot\bin\net.dll
Event: 0.302 Loaded shared library C:\Program Files\Microsoft\jdk-21.0.3.9-hotspot\bin\nio.dll
Event: 0.311 Loaded shared library C:\Program Files\Microsoft\jdk-21.0.3.9-hotspot\bin\zip.dll
Event: 0.372 Loaded shared library C:\Program Files\Microsoft\jdk-21.0.3.9-hotspot\bin\freetype.dll
Event: 0.373 Loaded shared library C:\Program Files\Microsoft\jdk-21.0.3.9-hotspot\bin\fontmanager.dll

Deoptimization events (20 events):
Event: 65.012 Thread 0x00000268722a0730 DEOPT PACKING pc=0x0000026851e4e68b sp=0x000000c03f5feb70
Event: 65.012 Thread 0x00000268722a0730 DEOPT UNPACKING pc=0x0000026858c04e42 sp=0x000000c03f5fe020 mode 0
Event: 237.608 Thread 0x00000268734b81c0 Uncommon trap: trap_request=0xffffff45 fr.pc=0x00000268593ef578 relative=0x0000000000000158
Event: 237.608 Thread 0x00000268734b81c0 Uncommon trap: reason=unstable_if action=reinterpret pc=0x00000268593ef578 method=java.util.concurrent.locks.ReentrantLock$NonfairSync.tryAcquire(I)Z @ 13 c2
Event: 237.608 Thread 0x00000268734b81c0 DEOPT PACKING pc=0x00000268593ef578 sp=0x000000c03fcff460
Event: 237.608 Thread 0x00000268734b81c0 DEOPT UNPACKING pc=0x0000026858c046a2 sp=0x000000c03fcff400 mode 2
Event: 444.162 Thread 0x00000268734b81c0 DEOPT PACKING pc=0x0000026851e7bfc5 sp=0x000000c03fcff510
Event: 444.162 Thread 0x00000268734b81c0 DEOPT UNPACKING pc=0x0000026858c04e42 sp=0x000000c03fcfeab0 mode 0
Event: 1158.943 Thread 0x00000268722a0730 DEOPT PACKING pc=0x0000026851e81a72 sp=0x000000c03f5ff270
Event: 1158.943 Thread 0x00000268722a0730 DEOPT UNPACKING pc=0x0000026858c04e42 sp=0x000000c03f5fe788 mode 0
Event: 1268.612 Thread 0x00000268734bafb0 DEOPT PACKING pc=0x0000026851e837c2 sp=0x000000c03fbff4e0
Event: 1268.612 Thread 0x00000268734bafb0 DEOPT UNPACKING pc=0x0000026858c04e42 sp=0x000000c03fbfe9f0 mode 0
Event: 2768.290 Thread 0x00000268722a0730 Uncommon trap: trap_request=0xffffff45 fr.pc=0x000002685951aa3c relative=0x0000000000007adc
Event: 2768.290 Thread 0x00000268722a0730 Uncommon trap: reason=unstable_if action=reinterpret pc=0x000002685951aa3c method=Form1.Rasclad(I)V @ 478 c2
Event: 2768.290 Thread 0x00000268722a0730 DEOPT PACKING pc=0x000002685951aa3c sp=0x000000c03f5fefb0
Event: 2768.290 Thread 0x00000268722a0730 DEOPT UNPACKING pc=0x0000026858c046a2 sp=0x000000c03f5fef98 mode 2
Event: 2768.446 Thread 0x00000268722a0730 Uncommon trap: trap_request=0xffffff45 fr.pc=0x0000026859461e28 relative=0x0000000000007068
Event: 2768.446 Thread 0x00000268722a0730 Uncommon trap: reason=unstable_if action=reinterpret pc=0x0000026859461e28 method=Form1.Rasclad(I)V @ 478 c2
Event: 2768.446 Thread 0x00000268722a0730 DEOPT PACKING pc=0x0000026859461e28 sp=0x000000c03f5fefb0
Event: 2768.446 Thread 0x00000268722a0730 DEOPT UNPACKING pc=0x0000026858c046a2 sp=0x000000c03f5fef98 mode 2

Classes loaded (20 events):
Event: 14.078 Loading class sun/text/resources/BreakIteratorResources
Event: 14.078 Loading class sun/util/resources/BreakIteratorResourceBundle
Event: 14.078 Loading class sun/util/resources/BreakIteratorResourceBundle done
Event: 14.078 Loading class sun/text/resources/BreakIteratorResources done
Event: 14.078 Loading class sun/util/resources/Bundles$2
Event: 14.078 Loading class sun/util/resources/Bundles$2 done
Event: 14.078 Loading class java/lang/InstantiationException
Event: 14.078 Loading class java/lang/InstantiationException done
Event: 14.079 Loading class sun/text/RuleBasedBreakIterator
Event: 14.079 Loading class sun/text/RuleBasedBreakIterator done
Event: 14.079 Loading class sun/text/CompactByteArray
Event: 14.079 Loading class sun/text/CompactByteArray done
Event: 14.079 Loading class sun/text/SupplementaryCharacterData
Event: 14.079 Loading class sun/text/SupplementaryCharacterData done
Event: 14.079 Loading class java/text/BreakIterator$BreakIteratorCache
Event: 14.079 Loading class java/text/BreakIterator$BreakIteratorCache done
Event: 14.082 Loading class javax/swing/text/ComponentView
Event: 14.082 Loading class javax/swing/text/ComponentView done
Event: 43.296 Loading class sun/awt/windows/WComponentPeer$1
Event: 43.296 Loading class sun/awt/windows/WComponentPeer$1 done

Classes unloaded (0 events):
No events

Classes redefined (0 events):
No events

Internal exceptions (20 events):
Event: 0.070 Thread 0x0000026846de9e10 Exception <a 'java/io/FileNotFoundException'{0x000000062181bc48}> (0x000000062181bc48) 
thrown [s\src\hotspot\share\prims\jni.cpp, line 520]
Event: 0.074 Thread 0x0000026846de9e10 Exception <a 'java/io/FileNotFoundException'{0x0000000621845d98}> (0x0000000621845d98) 
thrown [s\src\hotspot\share\prims\jni.cpp, line 520]
Event: 0.234 Thread 0x0000026846de9e10 Exception <a 'java/lang/NoSuchMethodError'{0x0000000621a0b3f0}: 'void java.lang.invoke.DirectMethodHandle$Holder.invokeSpecial(java.lang.Object, java.lang.Object, java.lang.Object)'> (0x0000000621a0b3f0) 
thrown [s\src\hotspot\share\interpreter\linkResolver.cpp, line 773]
Event: 0.238 Thread 0x0000026846de9e10 Exception <a 'java/lang/NoSuchMethodError'{0x0000000621a30c10}: 'java.lang.Object java.lang.invoke.DirectMethodHandle$Holder.newInvokeSpecial(java.lang.Object, java.lang.Object, java.lang.Object, java.lang.Object, java.lang.Object)'> (0x0000000621a30c10) 
thrown [s\src\hotspot\share\interpreter\linkResolver.cpp, line 773]
Event: 0.241 Thread 0x0000026846de9e10 Exception <a 'java/lang/NoSuchMethodError'{0x0000000621a5c618}: 'java.lang.Object java.lang.invoke.DirectMethodHandle$Holder.invokeStatic(java.lang.Object, int, java.lang.Object)'> (0x0000000621a5c618) 
thrown [s\src\hotspot\share\interpreter\linkResolver.cpp, line 773]
Event: 0.253 Thread 0x0000026846de9e10 Exception <a 'java/lang/ClassNotFoundException'{0x0000000621afc100}: com/sun/swing/internal/plaf/metal/resources/spi/metalProvider> (0x0000000621afc100) 
thrown [s\src\hotspot\share\classfile\systemDictionary.cpp, line 312]
Event: 0.253 Thread 0x0000026846de9e10 Exception <a 'java/lang/ClassNotFoundException'{0x0000000621b00060}: com/sun/swing/internal/plaf/basic/resources/spi/basicProvider> (0x0000000621b00060) 
thrown [s\src\hotspot\share\classfile\systemDictionary.cpp, line 312]
Event: 0.259 Thread 0x0000026846de9e10 Exception <a 'java/lang/NoSuchMethodError'{0x0000000621b1f8b8}: 'int java.lang.invoke.Invokers$Holder.invokeExact_MT(java.lang.Object, java.lang.Object)'> (0x0000000621b1f8b8) 
thrown [s\src\hotspot\share\interpreter\linkResolver.cpp, line 773]
Event: 0.296 Thread 0x0000026846de9e10 Exception <a 'java/lang/NoSuchMethodError'{0x0000000621ba44c8}: 'java.lang.Object java.lang.invoke.DirectMethodHandle$Holder.invokeStaticInit(java.lang.Object, int, int, int, int)'> (0x0000000621ba44c8) 
thrown [s\src\hotspot\share\interpreter\linkResolver.cpp, line 773]
Event: 0.304 Thread 0x0000026846de9e10 Exception <a 'java/lang/NoSuchMethodError'{0x0000000621bc3790}: 'java.lang.Object java.lang.invoke.DirectMethodHandle$Holder.invokeStaticInit(java.lang.Object, java.lang.Object, int, int, int, int)'> (0x0000000621bc3790) 
thrown [s\src\hotspot\share\interpreter\linkResolver.cpp, line 773]
Event: 0.333 Thread 0x0000026846de9e10 Exception <a 'java/lang/NoSuchMethodError'{0x00000006214187d0}: 'void java.lang.invoke.DirectMethodHandle$Holder.invokeStatic(java.lang.Object, java.lang.Object, java.lang.Object)'> (0x00000006214187d0) 
thrown [s\src\hotspot\share\interpreter\linkResolver.cpp, line 773]
Event: 0.334 Thread 0x0000026846de9e10 Exception <a 'java/lang/NoSuchMethodError'{0x000000062141e210}: 'void java.lang.invoke.DirectMethodHandle$Holder.invokeStatic(java.lang.Object, java.lang.Object)'> (0x000000062141e210) 
thrown [s\src\hotspot\share\interpreter\linkResolver.cpp, line 773]
Event: 0.338 Thread 0x000002687229f380 Exception <a 'java/lang/NoSuchMethodError'{0x000000062148c5f0}: 'java.lang.Object java.lang.invoke.DirectMethodHandle$Holder.newInvokeSpecial(java.lang.Object, java.lang.Object, java.lang.Object, int, int, int, int, int)'> (0x000000062148c5f0) 
thrown [s\src\hotspot\share\interpreter\linkResolver.cpp, line 773]
Event: 0.487 Thread 0x00000268722a2800 Exception <a 'java/lang/NoSuchMethodError'{0x000000062197f770}: 'void java.lang.invoke.DirectMethodHandle$Holder.invokeVirtual(java.lang.Object, java.lang.Object)'> (0x000000062197f770) 
thrown [s\src\hotspot\share\interpreter\linkResolver.cpp, line 773]
Event: 0.497 Thread 0x0000026846de9e10 Exception <a 'java/lang/NoSuchMethodError'{0x000000062101abd8}: 'void java.lang.invoke.DirectMethodHandle$Holder.invokeStaticInit(java.lang.Object)'> (0x000000062101abd8) 
thrown [s\src\hotspot\share\interpreter\linkResolver.cpp, line 773]
Event: 1.381 Thread 0x00000268722a0730 Exception <a 'java/lang/NoSuchMethodError'{0x0000000621228108}: 'int java.lang.invoke.DirectMethodHandle$Holder.invokeStatic(java.lang.Object)'> (0x0000000621228108) 
thrown [s\src\hotspot\share\interpreter\linkResolver.cpp, line 773]
Event: 2.296 Thread 0x00000268722a0730 Exception <a 'java/lang/NoSuchMethodError'{0x00000006212c54f0}: 'java.lang.Object java.lang.invoke.DirectMethodHandle$Holder.newInvokeSpecial(java.lang.Object, java.lang.Object, int)'> (0x00000006212c54f0) 
thrown [s\src\hotspot\share\interpreter\linkResolver.cpp, line 773]
Event: 6.400 Thread 0x00000268734beac0 Exception <a 'java/lang/NoSuchMethodError'{0x0000000620b5da40}: 'void java.lang.invoke.DirectMethodHandle$Holder.invokeSpecial(java.lang.Object, java.lang.Object, int)'> (0x0000000620b5da40) 
thrown [s\src\hotspot\share\interpreter\linkResolver.cpp, line 773]
Event: 10.645 Thread 0x00000268722a0730 Implicit null exception at 0x000002685934e1f9 to 0x000002685934fc0c
Event: 10.647 Thread 0x00000268722a0730 Implicit null exception at 0x000002685935e19b to 0x000002685935fa34

ZGC Phase Switch (0 events):
No events

VM Operations (20 events):
Event: 2645.117 Executing VM operation: RendezvousGCThreads
Event: 2645.117 Executing VM operation: RendezvousGCThreads done
Event: 2673.555 Executing VM operation: G1CollectForAllocation (G1 Evacuation Pause)
Event: 2673.556 Executing VM operation: G1CollectForAllocation (G1 Evacuation Pause) done
Event: 2705.286 Executing VM operation: HandshakeAllThreads (HandshakeForDeflation)
Event: 2705.286 Executing VM operation: HandshakeAllThreads (HandshakeForDeflation) done
Event: 2705.286 Executing VM operation: RendezvousGCThreads
Event: 2705.286 Executing VM operation: RendezvousGCThreads done
Event: 2718.619 Executing VM operation: G1CollectForAllocation (G1 Evacuation Pause)
Event: 2718.619 Executing VM operation: G1CollectForAllocation (G1 Evacuation Pause) done
Event: 2763.511 Executing VM operation: G1CollectForAllocation (G1 Evacuation Pause)
Event: 2763.511 Executing VM operation: G1CollectForAllocation (G1 Evacuation Pause) done
Event: 2765.433 Executing VM operation: HandshakeAllThreads (HandshakeForDeflation)
Event: 2765.433 Executing VM operation: HandshakeAllThreads (HandshakeForDeflation) done
Event: 2765.433 Executing VM operation: RendezvousGCThreads
Event: 2765.433 Executing VM operation: RendezvousGCThreads done
Event: 2767.454 Executing VM operation: Cleanup
Event: 2767.454 Executing VM operation: Cleanup done
Event: 2768.462 Executing VM operation: Cleanup
Event: 2768.462 Executing VM operation: Cleanup done

Events (20 events):
Event: 14.065 Thread 0x000002687c78b040 Thread added: 0x000002687c78b040
Event: 14.477 Thread 0x000002687c78b040 Thread exited: 0x000002687c78b040
Event: 14.789 Thread 0x000002687bbb5300 Thread exited: 0x000002687bbb5300
Event: 19.058 Thread 0x00000268734bf7e0 Thread exited: 0x00000268734bf7e0
Event: 37.258 Thread 0x000002687c70fe60 Thread added: 0x000002687c70fe60
Event: 38.226 Thread 0x000002687c70fe60 Thread exited: 0x000002687c70fe60
Event: 40.022 Thread 0x000002687c5e81d0 Thread added: 0x000002687c5e81d0
Event: 40.678 Thread 0x000002687c5e81d0 Thread exited: 0x000002687c5e81d0
Event: 43.299 Thread 0x000002687c5e81d0 Thread added: 0x000002687c5e81d0
Event: 43.299 Thread 0x000002687c5e8880 Thread added: 0x000002687c5e8880
Event: 43.299 Thread 0x00000268733fe6d0 Thread added: 0x00000268733fe6d0
Event: 44.254 Thread 0x00000268733fe6d0 Thread exited: 0x00000268733fe6d0
Event: 44.254 Thread 0x000002687c5e8880 Thread exited: 0x000002687c5e8880
Event: 45.026 Thread 0x000002687c5e81d0 Thread exited: 0x000002687c5e81d0
Event: 2768.287 Thread 0x000002687325ca50 Thread added: 0x000002687325ca50
Event: 2768.287 Thread 0x000002687325e5b0 Thread added: 0x000002687325e5b0
Event: 2768.287 Thread 0x00000268724378a0 Thread added: 0x00000268724378a0
Event: 2773.448 Thread 0x000002687325e5b0 Thread exited: 0x000002687325e5b0
Event: 2773.448 Thread 0x00000268724378a0 Thread exited: 0x00000268724378a0
Event: 2775.546 Thread 0x000002687325ca50 Thread exited: 0x000002687325ca50


Dynamic libraries:
0x00007ff78f010000 - 0x00007ff78f01e000 	C:\Program Files\Microsoft\jdk-21.0.3.9-hotspot\bin\javaw.exe
0x00007ffd8f330000 - 0x00007ffd8f528000 	C:\Windows\SYSTEM32\ntdll.dll
0x00007ffd8dd70000 - 0x00007ffd8de32000 	C:\Windows\System32\KERNEL32.DLL
0x00007ffd8cdd0000 - 0x00007ffd8d0c6000 	C:\Windows\System32\KERNELBASE.dll
0x00007ffd8cc20000 - 0x00007ffd8cd20000 	C:\Windows\System32\ucrtbase.dll
0x00007ffd7bd10000 - 0x00007ffd7bd28000 	C:\Program Files\Microsoft\jdk-21.0.3.9-hotspot\bin\jli.dll
0x00007ffd7bd30000 - 0x00007ffd7bd4b000 	C:\Program Files\Microsoft\jdk-21.0.3.9-hotspot\bin\VCRUNTIME140.dll
0x00007ffd8d5c0000 - 0x00007ffd8d75d000 	C:\Windows\System32\USER32.dll
0x00007ffd7db40000 - 0x00007ffd7dddb000 	C:\Windows\WinSxS\amd64_microsoft.windows.common-controls_6595b64144ccf1df_6.0.19041.6280_none_60bc30a171f2f3f3\COMCTL32.dll
0x00007ffd8d270000 - 0x00007ffd8d292000 	C:\Windows\System32\win32u.dll
0x00007ffd8dc40000 - 0x00007ffd8dcde000 	C:\Windows\System32\msvcrt.dll
0x00007ffd8d590000 - 0x00007ffd8d5bb000 	C:\Windows\System32\GDI32.dll
0x00007ffd8d150000 - 0x00007ffd8d269000 	C:\Windows\System32\gdi32full.dll
0x00007ffd8c9d0000 - 0x00007ffd8ca6d000 	C:\Windows\System32\msvcp_win.dll
0x00007ffd8daa0000 - 0x00007ffd8dacf000 	C:\Windows\System32\IMM32.DLL
0x00007ffd7bd00000 - 0x00007ffd7bd0c000 	C:\Program Files\Microsoft\jdk-21.0.3.9-hotspot\bin\vcruntime140_1.dll
0x00007ffd7bc70000 - 0x00007ffd7bcfd000 	C:\Program Files\Microsoft\jdk-21.0.3.9-hotspot\bin\msvcp140.dll
0x00007ffd61270000 - 0x00007ffd62004000 	C:\Program Files\Microsoft\jdk-21.0.3.9-hotspot\bin\server\jvm.dll
0x00007ffd8dae0000 - 0x00007ffd8db91000 	C:\Windows\System32\ADVAPI32.dll
0x00007ffd8dba0000 - 0x00007ffd8dc3f000 	C:\Windows\System32\sechost.dll
0x00007ffd8d360000 - 0x00007ffd8d480000 	C:\Windows\System32\RPCRT4.dll
0x00007ffd8d330000 - 0x00007ffd8d357000 	C:\Windows\System32\bcrypt.dll
0x00007ffd8ec20000 - 0x00007ffd8ec8b000 	C:\Windows\System32\WS2_32.dll
0x00007ffd8c1e0000 - 0x00007ffd8c22b000 	C:\Windows\SYSTEM32\POWRPROF.dll
0x00007ffd82a40000 - 0x00007ffd82a67000 	C:\Windows\SYSTEM32\WINMM.dll
0x00007ffd86b10000 - 0x00007ffd86b1a000 	C:\Windows\SYSTEM32\VERSION.dll
0x00007ffd8c160000 - 0x00007ffd8c172000 	C:\Windows\SYSTEM32\UMPDC.dll
0x00007ffd8a870000 - 0x00007ffd8a882000 	C:\Windows\SYSTEM32\kernel.appcore.dll
0x00007ffd7bc60000 - 0x00007ffd7bc6a000 	C:\Program Files\Microsoft\jdk-21.0.3.9-hotspot\bin\jimage.dll
0x00007ffd81fd0000 - 0x00007ffd821d1000 	C:\Windows\SYSTEM32\DBGHELP.DLL
0x00007ffd70780000 - 0x00007ffd707b4000 	C:\Windows\SYSTEM32\dbgcore.DLL
0x00007ffd8d2a0000 - 0x00007ffd8d322000 	C:\Windows\System32\bcryptPrimitives.dll
0x00007ffd7bc40000 - 0x00007ffd7bc5f000 	C:\Program Files\Microsoft\jdk-21.0.3.9-hotspot\bin\java.dll
0x00007ffd8de40000 - 0x00007ffd8e5b0000 	C:\Windows\System32\SHELL32.dll
0x00007ffd8aa70000 - 0x00007ffd8b215000 	C:\Windows\SYSTEM32\windows.storage.dll
0x00007ffd8e5b0000 - 0x00007ffd8e903000 	C:\Windows\System32\combase.dll
0x00007ffd8c400000 - 0x00007ffd8c42b000 	C:\Windows\SYSTEM32\Wldp.dll
0x00007ffd8d770000 - 0x00007ffd8d83d000 	C:\Windows\System32\OLEAUT32.dll
0x00007ffd8d480000 - 0x00007ffd8d52d000 	C:\Windows\System32\SHCORE.dll
0x00007ffd8ec90000 - 0x00007ffd8eceb000 	C:\Windows\System32\shlwapi.dll
0x00007ffd8c900000 - 0x00007ffd8c924000 	C:\Windows\SYSTEM32\profapi.dll
0x00007ffd70ae0000 - 0x00007ffd70bb7000 	C:\Program Files\Microsoft\jdk-21.0.3.9-hotspot\bin\jsvml.dll
0x00007ffd610e0000 - 0x00007ffd6126d000 	C:\Program Files\Microsoft\jdk-21.0.3.9-hotspot\bin\awt.dll
0x00007ffd88230000 - 0x00007ffd882c4000 	C:\Windows\SYSTEM32\apphelp.dll
0x00007ffd8a570000 - 0x00007ffd8a59e000 	C:\Windows\system32\DWMAPI.DLL
0x00007ffd8a380000 - 0x00007ffd8a41e000 	C:\Windows\system32\uxtheme.dll
0x00007ffd60fb0000 - 0x00007ffd610d8000 	C:\Windows\system32\opengl32.dll
0x00007ffd7b7e0000 - 0x00007ffd7b80c000 	C:\Windows\SYSTEM32\GLU32.dll
0x0000000180000000 - 0x0000000183586000 	C:\Program Files (x86)\RivaTuner Statistics Server\RTSSHooks64.dll
0x00007ffd8ecf0000 - 0x00007ffd8f160000 	C:\Windows\System32\SETUPAPI.dll
0x00007ffd8cbd0000 - 0x00007ffd8cc1e000 	C:\Windows\System32\cfgmgr32.dll
0x00007ffd8d840000 - 0x00007ffd8d955000 	C:\Windows\System32\MSCTF.dll
0x00007ffd8f160000 - 0x00007ffd8f28b000 	C:\Windows\System32\ole32.dll
0x00007ffd60dd0000 - 0x00007ffd60fa1000 	C:\Windows\system32\d3d9.dll
0x00007ffd82870000 - 0x00007ffd82931000 	C:\Windows\System32\DriverStore\FileRepository\nvmd.inf_amd64_aa54f7a758543a0a\nvldumdx.dll
0x00007ffd8c590000 - 0x00007ffd8c5a2000 	C:\Windows\SYSTEM32\msasn1.dll
0x00007ffd86aa0000 - 0x00007ffd86ad1000 	C:\Windows\SYSTEM32\cryptnet.dll
0x00007ffd8ca70000 - 0x00007ffd8cbcd000 	C:\Windows\System32\CRYPT32.dll
0x00007ffd8c350000 - 0x00007ffd8c35c000 	C:\Windows\SYSTEM32\cryptbase.dll
0x00007ffd86920000 - 0x00007ffd86a67000 	C:\Windows\SYSTEM32\drvstore.dll
0x00007ffd8c760000 - 0x00007ffd8c793000 	C:\Windows\SYSTEM32\devobj.dll
0x00007ffd8d0d0000 - 0x00007ffd8d143000 	C:\Windows\System32\wintrust.dll
0x00007ffd8eba0000 - 0x00007ffd8ebbd000 	C:\Windows\System32\imagehlp.dll
0x00007ffd8c360000 - 0x00007ffd8c378000 	C:\Windows\SYSTEM32\CRYPTSP.dll
0x00007ffd8b9b0000 - 0x00007ffd8b9e8000 	C:\Windows\system32\rsaenh.dll
0x00007ffd7fb30000 - 0x00007ffd81b1e000 	C:\Windows\System32\DriverStore\FileRepository\nvmd.inf_amd64_aa54f7a758543a0a\nvgpucomp64.dll
0x00007ffd5b9f0000 - 0x00007ffd5d484000 	C:\Windows\System32\DriverStore\FileRepository\nvmd.inf_amd64_aa54f7a758543a0a\nvd3dumx.dll
0x00007ffd8b230000 - 0x00007ffd8b253000 	C:\Windows\SYSTEM32\gpapi.dll
0x00007ffd60c70000 - 0x00007ffd60dc5000 	C:\Windows\System32\DriverStore\FileRepository\nvmd.inf_amd64_aa54f7a758543a0a\nvppex.dll
0x00007ffd876d0000 - 0x00007ffd8770b000 	C:\Windows\SYSTEM32\dxcore.dll
0x00007ffd8c8c0000 - 0x00007ffd8c8ee000 	C:\Windows\SYSTEM32\USERENV.dll
0x00007ffd7b7d0000 - 0x00007ffd7b7e0000 	C:\Program Files\Microsoft\jdk-21.0.3.9-hotspot\bin\net.dll
0x00007ffd86550000 - 0x00007ffd8665a000 	C:\Windows\SYSTEM32\WINHTTP.dll
0x00007ffd8c0f0000 - 0x00007ffd8c15a000 	C:\Windows\system32\mswsock.dll
0x00007ffd8bdd0000 - 0x00007ffd8be0b000 	C:\Windows\SYSTEM32\IPHLPAPI.DLL
0x00007ffd8dad0000 - 0x00007ffd8dad8000 	C:\Windows\System32\NSI.dll
0x00007ffd7af80000 - 0x00007ffd7af96000 	C:\Program Files\Microsoft\jdk-21.0.3.9-hotspot\bin\nio.dll
0x00007ffd7af60000 - 0x00007ffd7af78000 	C:\Program Files\Microsoft\jdk-21.0.3.9-hotspot\bin\zip.dll
0x00007ffd7d6f0000 - 0x00007ffd7d7a0000 	C:\Windows\WinSxS\amd64_microsoft.windows.common-controls_6595b64144ccf1df_5.82.19041.6280_none_792d7c952443c49a\comctl32.dll
0x00007ffd70a50000 - 0x00007ffd70ad7000 	C:\Program Files\Microsoft\jdk-21.0.3.9-hotspot\bin\freetype.dll
0x00007ffd60b80000 - 0x00007ffd60c62000 	C:\Program Files\Microsoft\jdk-21.0.3.9-hotspot\bin\fontmanager.dll
0x00007ffd8d960000 - 0x00007ffd8da09000 	C:\Windows\System32\clbcatq.dll
0x00007ffd88670000 - 0x00007ffd88764000 	C:\Windows\SYSTEM32\PROPSYS.dll
0x00007ffd7a750000 - 0x00007ffd7a767000 	C:\Windows\system32\NetworkExplorer.dll
0x00007ffd702f0000 - 0x00007ffd7030d000 	C:\Windows\SYSTEM32\MPR.dll
0x00007ffd88110000 - 0x00007ffd8811b000 	C:\Windows\System32\drprov.dll
0x00007ffd8bd40000 - 0x00007ffd8bd9b000 	C:\Windows\System32\WINSTA.dll
0x00007ffd876b0000 - 0x00007ffd876cf000 	C:\Windows\System32\ntlanman.dll
0x00007ffd84740000 - 0x00007ffd8475e000 	C:\Windows\System32\davclnt.dll
0x00007ffd876a0000 - 0x00007ffd876ad000 	C:\Windows\System32\DAVHLPR.dll
0x00007ffd8bad0000 - 0x00007ffd8bae9000 	C:\Windows\System32\wkscli.dll
0x00007ffd72370000 - 0x00007ffd72382000 	C:\Windows\SYSTEM32\cscapi.dll
0x00007ffd8bf30000 - 0x00007ffd8bf3c000 	C:\Windows\System32\netutils.dll
0x00007ffd7a7c0000 - 0x00007ffd7a816000 	C:\Windows\System32\dlnashext.dll
0x00007ffd65350000 - 0x00007ffd653b4000 	C:\Windows\System32\PlayToDevice.dll
0x00007ffd7a440000 - 0x00007ffd7a460000 	C:\Windows\System32\DevDispItemProvider.dll
0x00007ffd85c80000 - 0x00007ffd85d05000 	C:\Windows\System32\MMDevApi.dll
0x00007ffd60ad0000 - 0x00007ffd60b71000 	C:\Windows\system32\wpdshext.dll
0x00007ffd7d990000 - 0x00007ffd7db38000 	C:\Windows\WinSxS\amd64_microsoft.windows.gdiplus_6595b64144ccf1df_1.1.19041.6216_none_919f98d0cc8c5626\gdiplus.dll
0x00007ffd88360000 - 0x00007ffd88403000 	C:\Windows\System32\PortableDeviceApi.dll
0x00007ffd70c10000 - 0x00007ffd70c47000 	C:\Windows\System32\EhStorShell.dll
0x00007ffd70a20000 - 0x00007ffd70a46000 	C:\Windows\System32\EhStorAPI.dll
0x00007ffd881f0000 - 0x00007ffd88204000 	C:\Windows\System32\WTSAPI32.dll
0x00007ffd81cd0000 - 0x00007ffd81dc9000 	C:\Windows\SYSTEM32\textinputframework.dll
0x00007ffd87bf0000 - 0x00007ffd87f4b000 	C:\Windows\System32\CoreUIComponents.dll
0x00007ffd89670000 - 0x00007ffd89762000 	C:\Windows\System32\CoreMessaging.dll
0x00007ffd8bc00000 - 0x00007ffd8bc33000 	C:\Windows\SYSTEM32\ntmarta.dll
0x00007ffd87a70000 - 0x00007ffd87bc7000 	C:\Windows\SYSTEM32\wintypes.dll
0x00007ffd8a170000 - 0x00007ffd8a326000 	C:\Windows\SYSTEM32\WindowsCodecs.dll
0x00007ffd6c800000 - 0x00007ffd6c83e000 	C:\Windows\system32\dataexchange.dll
0x00007ffd88890000 - 0x00007ffd88af4000 	C:\Windows\system32\d3d11.dll
0x00007ffd89b30000 - 0x00007ffd89d14000 	C:\Windows\system32\dcomp.dll
0x00007ffd8b260000 - 0x00007ffd8b356000 	C:\Windows\system32\dxgi.dll
0x00007ffd85a00000 - 0x00007ffd85c03000 	C:\Windows\system32\twinapi.appcore.dll

dbghelp: loaded successfully - version: 4.0.5 - missing functions: none
symbol engine: initialized successfully - sym options: 0x614 - pdb path: .;C:\Program Files\Microsoft\jdk-21.0.3.9-hotspot\bin;C:\Windows\SYSTEM32;C:\Windows\WinSxS\amd64_microsoft.windows.common-controls_6595b64144ccf1df_6.0.19041.6280_none_60bc30a171f2f3f3;C:\Program Files\Microsoft\jdk-21.0.3.9-hotspot\bin\server;C:\Program Files (x86)\RivaTuner Statistics Server;C:\Windows\System32\DriverStore\FileRepository\nvmd.inf_amd64_aa54f7a758543a0a;C:\Windows\WinSxS\amd64_microsoft.windows.common-controls_6595b64144ccf1df_5.82.19041.6280_none_792d7c952443c49a;C:\Windows\WinSxS\amd64_microsoft.windows.gdiplus_6595b64144ccf1df_1.1.19041.6216_none_919f98d0cc8c5626

VM Arguments:
jvm_args: -Dfile.encoding=UTF-8 -Dstdout.encoding=UTF-8 -Dstderr.encoding=UTF-8 -XX:+ShowCodeDetailsInExceptionMessages 
java_command: Main
java_class_path (initial): D:\ \Java\  \Source_code\AutoLayout\bin
Launcher Type: SUN_STANDARD

[Global flags]
     intx CICompilerCount                          = 12                                        {product} {ergonomic}
     uint ConcGCThreads                            = 3                                         {product} {ergonomic}
     uint G1ConcRefinementThreads                  = 13                                        {product} {ergonomic}
   size_t G1HeapRegionSize                         = 4194304                                   {product} {ergonomic}
    uintx GCDrainStackTargetSize                   = 64                                        {product} {ergonomic}
   size_t InitialHeapSize                          = 536870912                                 {product} {ergonomic}
   size_t MarkStackSize                            = 4194304                                   {product} {ergonomic}
   size_t MaxHeapSize                              = 8556380160                                {product} {ergonomic}
   size_t MaxNewSize                               = 5133828096                                {product} {ergonomic}
   size_t MinHeapDeltaBytes                        = 4194304                                   {product} {ergonomic}
   size_t MinHeapSize                              = 8388608                                   {product} {ergonomic}
    uintx NonNMethodCodeHeapSize                   = 7602480                                {pd product} {ergonomic}
    uintx NonProfiledCodeHeapSize                  = 122027880                              {pd product} {ergonomic}
    uintx ProfiledCodeHeapSize                     = 122027880                              {pd product} {ergonomic}
    uintx ReservedCodeCacheSize                    = 251658240                              {pd product} {ergonomic}
     bool SegmentedCodeCache                       = true                                      {product} {ergonomic}
     bool ShowCodeDetailsInExceptionMessages       = true                                   {manageable} {command line}
   size_t SoftMaxHeapSize                          = 8556380160                             {manageable} {ergonomic}
     bool UseCompressedOops                        = true                           {product lp64_product} {ergonomic}
     bool UseG1GC                                  = true                                      {product} {ergonomic}
     bool UseLargePagesIndividualAllocation        = false                                  {pd product} {ergonomic}

Logging:
Log output configuration:
 #0: stdout all=warning uptime,level,tags foldmultilines=false
 #1: stderr all=off uptime,level,tags foldmultilines=false

Environment Variables:
PATH=C:/Users//.p2/pool/plugins/org.eclipse.justj.openjdk.hotspot.jre.full.win32.x86_64_21.0.9.v20251105-0741/jre/bin/server;C:/Users//.p2/pool/plugins/org.eclipse.justj.openjdk.hotspot.jre.full.win32.x86_64_21.0.9.v20251105-0741/jre/bin;C:\Program Files\Microsoft\jdk-21.0.3.9-hotspot\bin;C:\Windows\system32;C:\Windows;C:\Windows\System32\Wbem;C:\Windows\System32\WindowsPowerShell\v1.0\;C:\Windows\System32\OpenSSH\;C:\Program Files\dotnet\;C:\Program Files\Git\cmd;C:\Program Files\nodejs\;C:\Program Files (x86)\Common Files\Acronis\SnapAPI\;C:\Program Files (x86)\Common Files\Acronis\VirtualFile\;C:\Program Files (x86)\Common Files\Acronis\VirtualFile64\;C:\Program Files (x86)\Common Files\Acronis\FileProtector\;C:\Program Files (x86)\Common Files\Acronis\FileProtector64\;C:\Users\\AppData\Local\Programs\Python\Launcher\;C:\Users\\AppData\Local\Microsoft\WindowsApps;C:\Users\\.dotnet\tools;C:\Users\\AppData\Local\Programs\Microsoft VS Code\bin;C:\Users\\AppData\Roaming\npm;C:\Windows\system32;
USERNAME=
OS=Windows_NT
PROCESSOR_IDENTIFIER=AMD64 Family 25 Model 80 Stepping 0, AuthenticAMD
TMP=C:\Users\AACE~1\AppData\Local\Temp
TEMP=C:\Users\AACE~1\AppData\Local\Temp




Periodic native trim disabled

---------------  S Y S T E M  ---------------

OS:
 Windows 10 , 64 bit Build 19041 (10.0.19041.5915)
OS uptime: 0 days 1:19 hours

CPU: total 16 (initial active 16) (16 cores per cpu, 2 threads per core) family 25 model 80 stepping 0 microcode 0x0, cx8, cmov, fxsr, ht, mmx, 3dnowpref, sse, sse2, sse3, ssse3, sse4a, sse4.1, sse4.2, popcnt, lzcnt, tsc, tscinvbit, avx, avx2, aes, erms, clmul, bmi1, bmi2, adx, sha, fma, vzeroupper, clflush, clflushopt, rdtscp, rdpid, fsrm, f16c, pku, cet_ss
Processor Information for all 16 processors :
  Max Mhz: 4301, Current Mhz: 4301, Mhz Limit: 4301

Memory: 4k page, system-wide physical 32632M (15583M free)
TotalPageFile size 36728M (AvailPageFile size 5M)
current process WorkingSet (physical memory assigned to process): 514M, peak: 517M
current process commit charge ("private bytes"): 887M, peak: 890M

vm_info: OpenJDK 64-Bit Server VM (21.0.3+9-LTS) for windows-amd64 JRE (21.0.3+9-LTS), built on 2024-04-10T01:25:38Z by "MicrosoftCorporation" with MS VC++ 16.10 / 16.11 (VS2019)

END.
